{"numTotalTestSuites":917,"numPassedTestSuites":917,"numFailedTestSuites":0,"numPendingTestSuites":0,"numTotalTests":2964,"numPassedTests":2964,"numFailedTests":0,"numPendingTests":0,"numTodoTests":0,"snapshot":{"added":0,"failure":false,"filesAdded":0,"filesRemoved":0,"filesRemovedList":[],"filesUnmatched":0,"filesUpdated":0,"matched":0,"total":0,"unchecked":0,"uncheckedKeysByFile":[],"unmatched":0,"updated":0,"didUpdate":false},"startTime":1771032539527,"success":true,"testResults":[{"assertionResults":[{"ancestorTitles":["useDeviceDetection Hooks","Constants"],"fullName":"useDeviceDetection Hooks Constants exports MOBILE_BREAKPOINT as 768","status":"passed","title":"exports MOBILE_BREAKPOINT as 768","duration":2.3750999999997475,"failureMessages":[],"meta":{}},{"ancestorTitles":["useDeviceDetection Hooks","Constants"],"fullName":"useDeviceDetection Hooks Constants exports TABLET_BREAKPOINT as 1024","status":"passed","title":"exports TABLET_BREAKPOINT as 1024","duration":0.4863999999997759,"failureMessages":[],"meta":{}},{"ancestorTitles":["useDeviceDetection Hooks","Constants"],"fullName":"useDeviceDetection Hooks Constants exports SMALL_MOBILE_BREAKPOINT as 480","status":"passed","title":"exports SMALL_MOBILE_BREAKPOINT as 480","duration":0.34859999999980573,"failureMessages":[],"meta":{}},{"ancestorTitles":["useDeviceDetection Hooks","useIsMobile"],"fullName":"useDeviceDetection Hooks useIsMobile returns true when window width is <= 768","status":"passed","title":"returns true when window width is <= 768","duration":12.550900000000183,"failureMessages":[],"meta":{}},{"ancestorTitles":["useDeviceDetection Hooks","useIsMobile"],"fullName":"useDeviceDetection Hooks useIsMobile returns true when window width is less than 768","status":"passed","title":"returns true when window width is less than 768","duration":2.332100000000082,"failureMessages":[],"meta":{}},{"ancestorTitles":["useDeviceDetection Hooks","useIsMobile"],"fullName":"useDeviceDetection Hooks useIsMobile returns false when window width is > 768","status":"passed","title":"returns false when window width is > 768","duration":1.925199999999677,"failureMessages":[],"meta":{}},{"ancestorTitles":["useDeviceDetection Hooks","useIsMobile"],"fullName":"useDeviceDetection Hooks useIsMobile updates when window is resized","status":"passed","title":"updates when window is resized","duration":3.344300000000203,"failureMessages":[],"meta":{}},{"ancestorTitles":["useDeviceDetection Hooks","useIsMobile"],"fullName":"useDeviceDetection Hooks useIsMobile cleans up matchMedia listener on unmount","status":"passed","title":"cleans up matchMedia listener on unmount","duration":2.406199999999899,"failureMessages":[],"meta":{}},{"ancestorTitles":["useDeviceDetection Hooks","useIsDesktop"],"fullName":"useDeviceDetection Hooks useIsDesktop returns true when window width is > 768","status":"passed","title":"returns true when window width is > 768","duration":1.6630999999997584,"failureMessages":[],"meta":{}},{"ancestorTitles":["useDeviceDetection Hooks","useIsDesktop"],"fullName":"useDeviceDetection Hooks useIsDesktop returns false when window width is <= 768","status":"passed","title":"returns false when window width is <= 768","duration":1.752799999999752,"failureMessages":[],"meta":{}},{"ancestorTitles":["useDeviceDetection Hooks","useIsDesktop"],"fullName":"useDeviceDetection Hooks useIsDesktop returns false when window width is less than 768","status":"passed","title":"returns false when window width is less than 768","duration":1.5565000000001419,"failureMessages":[],"meta":{}},{"ancestorTitles":["useDeviceDetection Hooks","useIsDesktop"],"fullName":"useDeviceDetection Hooks useIsDesktop updates when window is resized","status":"passed","title":"updates when window is resized","duration":1.9153000000001157,"failureMessages":[],"meta":{}},{"ancestorTitles":["useDeviceDetection Hooks","useIsTablet"],"fullName":"useDeviceDetection Hooks useIsTablet returns true when window width is between 769 and 1024","status":"passed","title":"returns true when window width is between 769 and 1024","duration":1.5916000000001986,"failureMessages":[],"meta":{}},{"ancestorTitles":["useDeviceDetection Hooks","useIsTablet"],"fullName":"useDeviceDetection Hooks useIsTablet returns true at exactly 1024","status":"passed","title":"returns true at exactly 1024","duration":1.0003999999998996,"failureMessages":[],"meta":{}},{"ancestorTitles":["useDeviceDetection Hooks","useIsTablet"],"fullName":"useDeviceDetection Hooks useIsTablet returns false when window width is 768 (mobile)","status":"passed","title":"returns false when window width is 768 (mobile)","duration":1.0594999999998436,"failureMessages":[],"meta":{}},{"ancestorTitles":["useDeviceDetection Hooks","useIsTablet"],"fullName":"useDeviceDetection Hooks useIsTablet returns false when window width is > 1024","status":"passed","title":"returns false when window width is > 1024","duration":1.015100000000075,"failureMessages":[],"meta":{}},{"ancestorTitles":["useDeviceDetection Hooks","useIsTablet"],"fullName":"useDeviceDetection Hooks useIsTablet updates when window is resized","status":"passed","title":"updates when window is resized","duration":1.1763999999998305,"failureMessages":[],"meta":{}},{"ancestorTitles":["useDeviceDetection Hooks","useIsSmallMobile"],"fullName":"useDeviceDetection Hooks useIsSmallMobile returns true when window width is <= 480","status":"passed","title":"returns true when window width is <= 480","duration":1.5923999999999978,"failureMessages":[],"meta":{}},{"ancestorTitles":["useDeviceDetection Hooks","useIsSmallMobile"],"fullName":"useDeviceDetection Hooks useIsSmallMobile returns true when window width is less than 480","status":"passed","title":"returns true when window width is less than 480","duration":1.1563999999998487,"failureMessages":[],"meta":{}},{"ancestorTitles":["useDeviceDetection Hooks","useIsSmallMobile"],"fullName":"useDeviceDetection Hooks useIsSmallMobile returns false when window width is > 480","status":"passed","title":"returns false when window width is > 480","duration":1.0400000000004184,"failureMessages":[],"meta":{}},{"ancestorTitles":["useDeviceDetection Hooks","useIsSmallMobile"],"fullName":"useDeviceDetection Hooks useIsSmallMobile updates when window is resized","status":"passed","title":"updates when window is resized","duration":1.405500000000302,"failureMessages":[],"meta":{}},{"ancestorTitles":["useDeviceDetection Hooks","useIsTouchDevice"],"fullName":"useDeviceDetection Hooks useIsTouchDevice returns true when ontouchstart is in window","status":"passed","title":"returns true when ontouchstart is in window","duration":1.0021999999999025,"failureMessages":[],"meta":{}},{"ancestorTitles":["useDeviceDetection Hooks","useIsTouchDevice"],"fullName":"useDeviceDetection Hooks useIsTouchDevice returns true when maxTouchPoints > 0","status":"passed","title":"returns true when maxTouchPoints > 0","duration":0.8238000000001193,"failureMessages":[],"meta":{}},{"ancestorTitles":["useDeviceDetection Hooks","useIsTouchDevice"],"fullName":"useDeviceDetection Hooks useIsTouchDevice returns false when no touch support","status":"passed","title":"returns false when no touch support","duration":0.8903000000000247,"failureMessages":[],"meta":{}},{"ancestorTitles":["useDeviceDetection Hooks","useDeviceType"],"fullName":"useDeviceDetection Hooks useDeviceType returns \"mobile\" for mobile width","status":"passed","title":"returns \"mobile\" for mobile width","duration":0.9392000000002554,"failureMessages":[],"meta":{}},{"ancestorTitles":["useDeviceDetection Hooks","useDeviceType"],"fullName":"useDeviceDetection Hooks useDeviceType returns \"tablet\" for tablet width","status":"passed","title":"returns \"tablet\" for tablet width","duration":0.6867999999999483,"failureMessages":[],"meta":{}},{"ancestorTitles":["useDeviceDetection Hooks","useDeviceType"],"fullName":"useDeviceDetection Hooks useDeviceType returns \"desktop\" for desktop width","status":"passed","title":"returns \"desktop\" for desktop width","duration":0.9917999999997846,"failureMessages":[],"meta":{}},{"ancestorTitles":["useDeviceDetection Hooks","useDeviceType"],"fullName":"useDeviceDetection Hooks useDeviceType updates when window is resized","status":"passed","title":"updates when window is resized","duration":1.351799999999912,"failureMessages":[],"meta":{}},{"ancestorTitles":["useDeviceDetection Hooks","useDeviceDetection"],"fullName":"useDeviceDetection Hooks useDeviceDetection returns all device detection values","status":"passed","title":"returns all device detection values","duration":1.6540999999997439,"failureMessages":[],"meta":{}},{"ancestorTitles":["useDeviceDetection Hooks","useDeviceDetection"],"fullName":"useDeviceDetection Hooks useDeviceDetection returns correct values for mobile device","status":"passed","title":"returns correct values for mobile device","duration":1.037000000000262,"failureMessages":[],"meta":{}},{"ancestorTitles":["useDeviceDetection Hooks","useDeviceDetection"],"fullName":"useDeviceDetection Hooks useDeviceDetection returns correct values for regular mobile device","status":"passed","title":"returns correct values for regular mobile device","duration":0.9179000000003725,"failureMessages":[],"meta":{}},{"ancestorTitles":["useDeviceDetection Hooks","useDeviceDetection"],"fullName":"useDeviceDetection Hooks useDeviceDetection returns correct values for tablet device","status":"passed","title":"returns correct values for tablet device","duration":1.3126999999999498,"failureMessages":[],"meta":{}},{"ancestorTitles":["useDeviceDetection Hooks","useDeviceDetection"],"fullName":"useDeviceDetection Hooks useDeviceDetection returns correct values for desktop device","status":"passed","title":"returns correct values for desktop device","duration":0.8017999999997301,"failureMessages":[],"meta":{}},{"ancestorTitles":["useDeviceDetection Hooks","useDeviceDetection"],"fullName":"useDeviceDetection Hooks useDeviceDetection includes breakpoints object","status":"passed","title":"includes breakpoints object","duration":1.3769999999999527,"failureMessages":[],"meta":{}},{"ancestorTitles":["useDeviceDetection Hooks","Boundary Values"],"fullName":"useDeviceDetection Hooks Boundary Values treats 768 as mobile","status":"passed","title":"treats 768 as mobile","duration":0.7642000000000735,"failureMessages":[],"meta":{}},{"ancestorTitles":["useDeviceDetection Hooks","Boundary Values"],"fullName":"useDeviceDetection Hooks Boundary Values treats 769 as desktop/tablet","status":"passed","title":"treats 769 as desktop/tablet","duration":1.4959999999996398,"failureMessages":[],"meta":{}},{"ancestorTitles":["useDeviceDetection Hooks","Boundary Values"],"fullName":"useDeviceDetection Hooks Boundary Values treats 1024 as tablet","status":"passed","title":"treats 1024 as tablet","duration":0.8368000000000393,"failureMessages":[],"meta":{}},{"ancestorTitles":["useDeviceDetection Hooks","Boundary Values"],"fullName":"useDeviceDetection Hooks Boundary Values treats 1025 as desktop (not tablet)","status":"passed","title":"treats 1025 as desktop (not tablet)","duration":0.7702000000003864,"failureMessages":[],"meta":{}},{"ancestorTitles":["useDeviceDetection Hooks","Boundary Values"],"fullName":"useDeviceDetection Hooks Boundary Values treats 480 as small mobile","status":"passed","title":"treats 480 as small mobile","duration":1.4920999999999367,"failureMessages":[],"meta":{}},{"ancestorTitles":["useDeviceDetection Hooks","Boundary Values"],"fullName":"useDeviceDetection Hooks Boundary Values treats 481 as not small mobile","status":"passed","title":"treats 481 as not small mobile","duration":1.4553999999998268,"failureMessages":[],"meta":{}},{"ancestorTitles":["useDeviceDetection Hooks","Resize Event Handling"],"fullName":"useDeviceDetection Hooks Resize Event Handling responds to multiple resize events","status":"passed","title":"responds to multiple resize events","duration":1.1058000000002721,"failureMessages":[],"meta":{}},{"ancestorTitles":["useDeviceDetection Hooks","Edge Cases"],"fullName":"useDeviceDetection Hooks Edge Cases handles very small widths","status":"passed","title":"handles very small widths","duration":0.7023000000003776,"failureMessages":[],"meta":{}},{"ancestorTitles":["useDeviceDetection Hooks","Edge Cases"],"fullName":"useDeviceDetection Hooks Edge Cases handles very large widths","status":"passed","title":"handles very large widths","duration":0.7208999999998014,"failureMessages":[],"meta":{}},{"ancestorTitles":["useDeviceDetection Hooks","Edge Cases"],"fullName":"useDeviceDetection Hooks Edge Cases handles zero width","status":"passed","title":"handles zero width","duration":0.7280000000000655,"failureMessages":[],"meta":{}}],"startTime":1771032543332,"endTime":1771032543400.728,"status":"passed","message":"","name":"C:/Users/igor/OneDrive/Documents/splitlease/app/src/hooks/useDeviceDetection.test.js"},{"assertionResults":[{"ancestorTitles":["useImageCarousel Hook","Initial State"],"fullName":"useImageCarousel Hook Initial State starts at index 0","status":"passed","title":"starts at index 0","duration":13.99120000000039,"failureMessages":[],"meta":{}},{"ancestorTitles":["useImageCarousel Hook","Initial State"],"fullName":"useImageCarousel Hook Initial State returns hasImages as true when images array is not empty","status":"passed","title":"returns hasImages as true when images array is not empty","duration":2.1709999999998217,"failureMessages":[],"meta":{}},{"ancestorTitles":["useImageCarousel Hook","Initial State"],"fullName":"useImageCarousel Hook Initial State returns hasImages as false when images array is empty","status":"passed","title":"returns hasImages as false when images array is empty","duration":2.0211999999996806,"failureMessages":[],"meta":{}},{"ancestorTitles":["useImageCarousel Hook","Initial State"],"fullName":"useImageCarousel Hook Initial State returns hasImages as falsy when images is undefined","status":"passed","title":"returns hasImages as falsy when images is undefined","duration":1.9164999999998145,"failureMessages":[],"meta":{}},{"ancestorTitles":["useImageCarousel Hook","Initial State"],"fullName":"useImageCarousel Hook Initial State returns hasImages as falsy when images is null","status":"passed","title":"returns hasImages as falsy when images is null","duration":2.072400000000016,"failureMessages":[],"meta":{}},{"ancestorTitles":["useImageCarousel Hook","Initial State"],"fullName":"useImageCarousel Hook Initial State returns hasMultipleImages as true when images array has more than one item","status":"passed","title":"returns hasMultipleImages as true when images array has more than one item","duration":1.5553999999997359,"failureMessages":[],"meta":{}},{"ancestorTitles":["useImageCarousel Hook","Initial State"],"fullName":"useImageCarousel Hook Initial State returns hasMultipleImages as false when images array has one item","status":"passed","title":"returns hasMultipleImages as false when images array has one item","duration":1.5698999999999614,"failureMessages":[],"meta":{}},{"ancestorTitles":["useImageCarousel Hook","Initial State"],"fullName":"useImageCarousel Hook Initial State returns hasMultipleImages as false when images array is empty","status":"passed","title":"returns hasMultipleImages as false when images array is empty","duration":1.3976999999999862,"failureMessages":[],"meta":{}},{"ancestorTitles":["useImageCarousel Hook","handleNextImage"],"fullName":"useImageCarousel Hook handleNextImage advances to the next image","status":"passed","title":"advances to the next image","duration":3.923200000000179,"failureMessages":[],"meta":{}},{"ancestorTitles":["useImageCarousel Hook","handleNextImage"],"fullName":"useImageCarousel Hook handleNextImage wraps around to first image when at the end","status":"passed","title":"wraps around to first image when at the end","duration":2.293999999999869,"failureMessages":[],"meta":{}},{"ancestorTitles":["useImageCarousel Hook","handleNextImage"],"fullName":"useImageCarousel Hook handleNextImage does nothing when there is only one image","status":"passed","title":"does nothing when there is only one image","duration":1.385200000000168,"failureMessages":[],"meta":{}},{"ancestorTitles":["useImageCarousel Hook","handleNextImage"],"fullName":"useImageCarousel Hook handleNextImage does nothing when images array is empty","status":"passed","title":"does nothing when images array is empty","duration":0.8856000000000677,"failureMessages":[],"meta":{}},{"ancestorTitles":["useImageCarousel Hook","handleNextImage"],"fullName":"useImageCarousel Hook handleNextImage does nothing when images is undefined","status":"passed","title":"does nothing when images is undefined","duration":2.6400000000003274,"failureMessages":[],"meta":{}},{"ancestorTitles":["useImageCarousel Hook","handlePrevImage"],"fullName":"useImageCarousel Hook handlePrevImage goes to the previous image","status":"passed","title":"goes to the previous image","duration":1.5664999999999054,"failureMessages":[],"meta":{}},{"ancestorTitles":["useImageCarousel Hook","handlePrevImage"],"fullName":"useImageCarousel Hook handlePrevImage wraps around to last image when at the beginning","status":"passed","title":"wraps around to last image when at the beginning","duration":1.148200000000088,"failureMessages":[],"meta":{}},{"ancestorTitles":["useImageCarousel Hook","handlePrevImage"],"fullName":"useImageCarousel Hook handlePrevImage does nothing when there is only one image","status":"passed","title":"does nothing when there is only one image","duration":0.8559000000000196,"failureMessages":[],"meta":{}},{"ancestorTitles":["useImageCarousel Hook","handlePrevImage"],"fullName":"useImageCarousel Hook handlePrevImage does nothing when images array is empty","status":"passed","title":"does nothing when images array is empty","duration":1.0462999999999738,"failureMessages":[],"meta":{}},{"ancestorTitles":["useImageCarousel Hook","setCurrentImageIndex"],"fullName":"useImageCarousel Hook setCurrentImageIndex allows direct setting of image index","status":"passed","title":"allows direct setting of image index","duration":0.8036999999999352,"failureMessages":[],"meta":{}},{"ancestorTitles":["useImageCarousel Hook","setCurrentImageIndex"],"fullName":"useImageCarousel Hook setCurrentImageIndex accepts a function updater","status":"passed","title":"accepts a function updater","duration":0.8054999999999382,"failureMessages":[],"meta":{}},{"ancestorTitles":["useImageCarousel Hook","Complex Navigation"],"fullName":"useImageCarousel Hook Complex Navigation handles multiple forward navigations","status":"passed","title":"handles multiple forward navigations","duration":0.9310999999997875,"failureMessages":[],"meta":{}},{"ancestorTitles":["useImageCarousel Hook","Complex Navigation"],"fullName":"useImageCarousel Hook Complex Navigation handles multiple backward navigations","status":"passed","title":"handles multiple backward navigations","duration":0.8559000000000196,"failureMessages":[],"meta":{}},{"ancestorTitles":["useImageCarousel Hook","Complex Navigation"],"fullName":"useImageCarousel Hook Complex Navigation handles mixed forward and backward navigation","status":"passed","title":"handles mixed forward and backward navigation","duration":0.8229999999998654,"failureMessages":[],"meta":{}},{"ancestorTitles":["useImageCarousel Hook","Complex Navigation"],"fullName":"useImageCarousel Hook Complex Navigation handles wrap-around in both directions","status":"passed","title":"handles wrap-around in both directions","duration":1.1125999999999294,"failureMessages":[],"meta":{}},{"ancestorTitles":["useImageCarousel Hook","Hook Updates"],"fullName":"useImageCarousel Hook Hook Updates updates hasMultipleImages when images change","status":"passed","title":"updates hasMultipleImages when images change","duration":1.3672999999998865,"failureMessages":[],"meta":{}},{"ancestorTitles":["useImageCarousel Hook","Hook Updates"],"fullName":"useImageCarousel Hook Hook Updates updates hasImages when images change","status":"passed","title":"updates hasImages when images change","duration":1.1948999999999614,"failureMessages":[],"meta":{}},{"ancestorTitles":["useImageCarousel Hook","Hook Updates"],"fullName":"useImageCarousel Hook Hook Updates maintains current index when images change but index is still valid","status":"passed","title":"maintains current index when images change but index is still valid","duration":1.3164000000001579,"failureMessages":[],"meta":{}},{"ancestorTitles":["useImageCarousel Hook","Event Handling"],"fullName":"useImageCarousel Hook Event Handling calls preventDefault on next image event","status":"passed","title":"calls preventDefault on next image event","duration":1.1508000000003449,"failureMessages":[],"meta":{}},{"ancestorTitles":["useImageCarousel Hook","Event Handling"],"fullName":"useImageCarousel Hook Event Handling calls stopPropagation on next image event","status":"passed","title":"calls stopPropagation on next image event","duration":1.329899999999725,"failureMessages":[],"meta":{}},{"ancestorTitles":["useImageCarousel Hook","Event Handling"],"fullName":"useImageCarousel Hook Event Handling calls preventDefault on prev image event","status":"passed","title":"calls preventDefault on prev image event","duration":1.089100000000144,"failureMessages":[],"meta":{}},{"ancestorTitles":["useImageCarousel Hook","Event Handling"],"fullName":"useImageCarousel Hook Event Handling calls stopPropagation on prev image event","status":"passed","title":"calls stopPropagation on prev image event","duration":0.9526000000000749,"failureMessages":[],"meta":{}},{"ancestorTitles":["useImageCarousel Hook","Edge Cases"],"fullName":"useImageCarousel Hook Edge Cases handles images array with 2 elements correctly","status":"passed","title":"handles images array with 2 elements correctly","duration":1.0307999999999993,"failureMessages":[],"meta":{}},{"ancestorTitles":["useImageCarousel Hook","Edge Cases"],"fullName":"useImageCarousel Hook Edge Cases handles very large images array","status":"passed","title":"handles very large images array","duration":1.1185999999997875,"failureMessages":[],"meta":{}},{"ancestorTitles":["useImageCarousel Hook","Edge Cases"],"fullName":"useImageCarousel Hook Edge Cases returns stable function references","status":"passed","title":"returns stable function references","duration":5.897100000000137,"failureMessages":[],"meta":{}},{"ancestorTitles":["useImageCarousel Hook","Return Value Structure"],"fullName":"useImageCarousel Hook Return Value Structure returns all expected properties","status":"passed","title":"returns all expected properties","duration":1.259400000000369,"failureMessages":[],"meta":{}},{"ancestorTitles":["useImageCarousel Hook","Return Value Structure"],"fullName":"useImageCarousel Hook Return Value Structure returns correct types for all properties","status":"passed","title":"returns correct types for all properties","duration":0.9090000000001055,"failureMessages":[],"meta":{}}],"startTime":1771032543446,"endTime":1771032543513.909,"status":"passed","message":"","name":"C:/Users/igor/OneDrive/Documents/splitlease/app/src/hooks/useImageCarousel.test.js"},{"assertionResults":[{"ancestorTitles":["fieldMappings","PRICING_FIELDS"],"fullName":"fieldMappings PRICING_FIELDS has all expected pricing fields","status":"passed","title":"has all expected pricing fields","duration":0.9960999999998421,"failureMessages":[],"meta":{}},{"ancestorTitles":["fieldMappings","PRICING_FIELDS"],"fullName":"fieldMappings PRICING_FIELDS has all 7 nightly rate fields","status":"passed","title":"has all 7 nightly rate fields","duration":0.2536000000000058,"failureMessages":[],"meta":{}},{"ancestorTitles":["fieldMappings","NIGHTLY_RATE_BY_COUNT"],"fullName":"fieldMappings NIGHTLY_RATE_BY_COUNT maps 1-7 to correct field names","status":"passed","title":"maps 1-7 to correct field names","duration":0.20080000000007203,"failureMessages":[],"meta":{}},{"ancestorTitles":["fieldMappings","NIGHTLY_RATE_BY_COUNT"],"fullName":"fieldMappings NIGHTLY_RATE_BY_COUNT references PRICING_FIELDS constants","status":"passed","title":"references PRICING_FIELDS constants","duration":0.10399999999981446,"failureMessages":[],"meta":{}},{"ancestorTitles":["fieldMappings","AVAILABILITY_FIELDS"],"fullName":"fieldMappings AVAILABILITY_FIELDS has snake_case field names","status":"passed","title":"has snake_case field names","duration":0.1325000000001637,"failureMessages":[],"meta":{}},{"ancestorTitles":["fieldMappings","AVAILABILITY_FIELDS"],"fullName":"fieldMappings AVAILABILITY_FIELDS has all expected availability fields","status":"passed","title":"has all expected availability fields","duration":0.16280000000006112,"failureMessages":[],"meta":{}},{"ancestorTitles":["fieldMappings","FEATURE_FIELDS"],"fullName":"fieldMappings FEATURE_FIELDS has all expected feature fields","status":"passed","title":"has all expected feature fields","duration":0.1554999999998472,"failureMessages":[],"meta":{}},{"ancestorTitles":["fieldMappings","LEASE_FIELDS"],"fullName":"fieldMappings LEASE_FIELDS has rental type field","status":"passed","title":"has rental type field","duration":0.09350000000040382,"failureMessages":[],"meta":{}},{"ancestorTitles":["fieldMappings","LOCATION_FIELDS"],"fullName":"fieldMappings LOCATION_FIELDS has all expected location fields","status":"passed","title":"has all expected location fields","duration":0.11029999999982465,"failureMessages":[],"meta":{}},{"ancestorTitles":["fieldMappings","IDENTITY_FIELDS"],"fullName":"fieldMappings IDENTITY_FIELDS has id as primary key","status":"passed","title":"has id as primary key","duration":0.11699999999973443,"failureMessages":[],"meta":{}}],"startTime":1771032554009,"endTime":1771032554012.117,"status":"passed","message":"","name":"C:/Users/igor/OneDrive/Documents/splitlease/app/src/data/fieldMappings.test.js"},{"assertionResults":[{"ancestorTitles":["formatCurrency"],"fullName":"formatCurrency formats integer amounts without cents by default","status":"passed","title":"formats integer amounts without cents by default","duration":20.70789999999988,"failureMessages":[],"meta":{}},{"ancestorTitles":["formatCurrency"],"fullName":"formatCurrency formats with cents when requested","status":"passed","title":"formats with cents when requested","duration":0.6278000000002066,"failureMessages":[],"meta":{}},{"ancestorTitles":["formatCurrency"],"fullName":"formatCurrency handles custom locales","status":"passed","title":"handles custom locales","duration":0.5325000000002547,"failureMessages":[],"meta":{}},{"ancestorTitles":["formatCurrency"],"fullName":"formatCurrency handles null/undefined/invalid inputs gracefully","status":"passed","title":"handles null/undefined/invalid inputs gracefully","duration":0.5752999999999702,"failureMessages":[],"meta":{}},{"ancestorTitles":["safeParseJsonArray"],"fullName":"safeParseJsonArray parses valid JSON array string","status":"passed","title":"parses valid JSON array string","duration":0.8817999999996573,"failureMessages":[],"meta":{}},{"ancestorTitles":["safeParseJsonArray"],"fullName":"safeParseJsonArray returns input if already array","status":"passed","title":"returns input if already array","duration":0.21669999999994616,"failureMessages":[],"meta":{}},{"ancestorTitles":["safeParseJsonArray"],"fullName":"safeParseJsonArray returns empty array for invalid JSON","status":"passed","title":"returns empty array for invalid JSON","duration":0.22109999999975116,"failureMessages":[],"meta":{}},{"ancestorTitles":["safeParseJsonArray"],"fullName":"safeParseJsonArray returns empty array for null/undefined","status":"passed","title":"returns empty array for null/undefined","duration":0.17489999999997963,"failureMessages":[],"meta":{}},{"ancestorTitles":["calculateNightlyRate"],"fullName":"calculateNightlyRate calculates rounded nightly rate","status":"passed","title":"calculates rounded nightly rate","duration":0.21289999999999054,"failureMessages":[],"meta":{}},{"ancestorTitles":["calculateNightlyRate"],"fullName":"calculateNightlyRate returns 0 for missing inputs","status":"passed","title":"returns 0 for missing inputs","duration":0.17689999999993233,"failureMessages":[],"meta":{}}],"startTime":1771032543722,"endTime":1771032543747.213,"status":"passed","message":"","name":"C:/Users/igor/OneDrive/Documents/splitlease/app/src/lib/formatters.test.js"},{"assertionResults":[{"ancestorTitles":["NotFoundPage Component","Page Structure"],"fullName":"NotFoundPage Component Page Structure renders the Header component","status":"passed","title":"renders the Header component","duration":33.10490000000027,"failureMessages":[],"meta":{}},{"ancestorTitles":["NotFoundPage Component","Page Structure"],"fullName":"NotFoundPage Component Page Structure renders the Footer component","status":"passed","title":"renders the Footer component","duration":4.514400000000023,"failureMessages":[],"meta":{}},{"ancestorTitles":["NotFoundPage Component","Page Structure"],"fullName":"NotFoundPage Component Page Structure renders the main content container","status":"passed","title":"renders the main content container","duration":9.003899999999703,"failureMessages":[],"meta":{}},{"ancestorTitles":["NotFoundPage Component","Page Structure"],"fullName":"NotFoundPage Component Page Structure renders the page container","status":"passed","title":"renders the page container","duration":3.9692000000004555,"failureMessages":[],"meta":{}},{"ancestorTitles":["NotFoundPage Component","Content"],"fullName":"NotFoundPage Component Content displays the 404 title","status":"passed","title":"displays the 404 title","duration":7.837199999999939,"failureMessages":[],"meta":{}},{"ancestorTitles":["NotFoundPage Component","Content"],"fullName":"NotFoundPage Component Content displays the \"Page Not Found\" heading","status":"passed","title":"displays the \"Page Not Found\" heading","duration":3.80619999999999,"failureMessages":[],"meta":{}},{"ancestorTitles":["NotFoundPage Component","Content"],"fullName":"NotFoundPage Component Content displays the descriptive text","status":"passed","title":"displays the descriptive text","duration":3.737600000000384,"failureMessages":[],"meta":{}},{"ancestorTitles":["NotFoundPage Component","Accessibility"],"fullName":"NotFoundPage Component Accessibility has proper aria-label on 404 title","status":"passed","title":"has proper aria-label on 404 title","duration":3.847099999999955,"failureMessages":[],"meta":{}},{"ancestorTitles":["NotFoundPage Component","Accessibility"],"fullName":"NotFoundPage Component Accessibility has proper heading hierarchy","status":"passed","title":"has proper heading hierarchy","duration":200.55679999999938,"failureMessages":[],"meta":{}},{"ancestorTitles":["NotFoundPage Component","Accessibility"],"fullName":"NotFoundPage Component Accessibility renders navigation section with aria-label","status":"passed","title":"renders navigation section with aria-label","duration":22.151600000000144,"failureMessages":[],"meta":{}},{"ancestorTitles":["NotFoundPage Component","Accessibility"],"fullName":"NotFoundPage Component Accessibility has aria-label on Go Home button","status":"passed","title":"has aria-label on Go Home button","duration":19.162599999999657,"failureMessages":[],"meta":{}},{"ancestorTitles":["NotFoundPage Component","Accessibility"],"fullName":"NotFoundPage Component Accessibility has aria-label on Search Listings button","status":"passed","title":"has aria-label on Search Listings button","duration":13.957400000000234,"failureMessages":[],"meta":{}},{"ancestorTitles":["NotFoundPage Component","Accessibility"],"fullName":"NotFoundPage Component Accessibility has aria-hidden on separators","status":"passed","title":"has aria-hidden on separators","duration":3.506199999999808,"failureMessages":[],"meta":{}},{"ancestorTitles":["NotFoundPage Component","Action Buttons"],"fullName":"NotFoundPage Component Action Buttons renders Go Home button with primary variant","status":"passed","title":"renders Go Home button with primary variant","duration":13.168899999999667,"failureMessages":[],"meta":{}},{"ancestorTitles":["NotFoundPage Component","Action Buttons"],"fullName":"NotFoundPage Component Action Buttons renders Search Listings button with outline variant","status":"passed","title":"renders Search Listings button with outline variant","duration":12.849600000000464,"failureMessages":[],"meta":{}},{"ancestorTitles":["NotFoundPage Component","Action Buttons"],"fullName":"NotFoundPage Component Action Buttons renders buttons with large size","status":"passed","title":"renders buttons with large size","duration":18.361899999999878,"failureMessages":[],"meta":{}},{"ancestorTitles":["NotFoundPage Component","Action Buttons"],"fullName":"NotFoundPage Component Action Buttons navigates to home when Go Home button is clicked","status":"passed","title":"navigates to home when Go Home button is clicked","duration":46.58569999999963,"failureMessages":[],"meta":{}},{"ancestorTitles":["NotFoundPage Component","Action Buttons"],"fullName":"NotFoundPage Component Action Buttons navigates to search when Search Listings button is clicked","status":"passed","title":"navigates to search when Search Listings button is clicked","duration":57.78740000000016,"failureMessages":[],"meta":{}},{"ancestorTitles":["NotFoundPage Component","Navigation Links"],"fullName":"NotFoundPage Component Navigation Links renders FAQ link","status":"passed","title":"renders FAQ link","duration":43.86080000000038,"failureMessages":[],"meta":{}},{"ancestorTitles":["NotFoundPage Component","Navigation Links"],"fullName":"NotFoundPage Component Navigation Links renders List With Us link","status":"passed","title":"renders List With Us link","duration":23.573300000000017,"failureMessages":[],"meta":{}},{"ancestorTitles":["NotFoundPage Component","Navigation Links"],"fullName":"NotFoundPage Component Navigation Links renders Why Split Lease link","status":"passed","title":"renders Why Split Lease link","duration":22.3149999999996,"failureMessages":[],"meta":{}},{"ancestorTitles":["NotFoundPage Component","Navigation Links"],"fullName":"NotFoundPage Component Navigation Links renders separator characters between links","status":"passed","title":"renders separator characters between links","duration":3.701999999999316,"failureMessages":[],"meta":{}},{"ancestorTitles":["NotFoundPage Component","CSS Classes"],"fullName":"NotFoundPage Component CSS Classes applies not-found-content class","status":"passed","title":"applies not-found-content class","duration":4.936999999999898,"failureMessages":[],"meta":{}},{"ancestorTitles":["NotFoundPage Component","CSS Classes"],"fullName":"NotFoundPage Component CSS Classes applies not-found-title class to 404","status":"passed","title":"applies not-found-title class to 404","duration":3.7119000000002416,"failureMessages":[],"meta":{}},{"ancestorTitles":["NotFoundPage Component","CSS Classes"],"fullName":"NotFoundPage Component CSS Classes applies not-found-heading class","status":"passed","title":"applies not-found-heading class","duration":3.0667999999996027,"failureMessages":[],"meta":{}},{"ancestorTitles":["NotFoundPage Component","CSS Classes"],"fullName":"NotFoundPage Component CSS Classes applies not-found-text class","status":"passed","title":"applies not-found-text class","duration":3.0698999999995067,"failureMessages":[],"meta":{}},{"ancestorTitles":["NotFoundPage Component","CSS Classes"],"fullName":"NotFoundPage Component CSS Classes applies not-found-actions class","status":"passed","title":"applies not-found-actions class","duration":2.2056000000002314,"failureMessages":[],"meta":{}},{"ancestorTitles":["NotFoundPage Component","CSS Classes"],"fullName":"NotFoundPage Component CSS Classes applies not-found-links class to nav","status":"passed","title":"applies not-found-links class to nav","duration":2.449200000000019,"failureMessages":[],"meta":{}},{"ancestorTitles":["NotFoundPage Component","Semantic HTML"],"fullName":"NotFoundPage Component Semantic HTML uses main element for content","status":"passed","title":"uses main element for content","duration":10.053599999999278,"failureMessages":[],"meta":{}},{"ancestorTitles":["NotFoundPage Component","Semantic HTML"],"fullName":"NotFoundPage Component Semantic HTML uses nav element for links","status":"passed","title":"uses nav element for links","duration":12.762399999999616,"failureMessages":[],"meta":{}},{"ancestorTitles":["NotFoundPage Component","Semantic HTML"],"fullName":"NotFoundPage Component Semantic HTML uses proper heading elements","status":"passed","title":"uses proper heading elements","duration":16.198699999999917,"failureMessages":[],"meta":{}}],"startTime":1771032543723,"endTime":1771032544355.1987,"status":"passed","message":"","name":"C:/Users/igor/OneDrive/Documents/splitlease/app/src/islands/pages/NotFoundPage.test.jsx"},{"assertionResults":[{"ancestorTitles":["Button Component","Rendering"],"fullName":"Button Component Rendering renders children content correctly","status":"passed","title":"renders children content correctly","duration":188.29500000000053,"failureMessages":[],"meta":{}},{"ancestorTitles":["Button Component","Rendering"],"fullName":"Button Component Rendering renders with default props","status":"passed","title":"renders with default props","duration":26.855999999999767,"failureMessages":[],"meta":{}},{"ancestorTitles":["Button Component","Rendering"],"fullName":"Button Component Rendering renders as a button element","status":"passed","title":"renders as a button element","duration":9.833300000000236,"failureMessages":[],"meta":{}},{"ancestorTitles":["Button Component","Variants"],"fullName":"Button Component Variants applies primary variant class correctly","status":"passed","title":"applies primary variant class correctly","duration":8.817000000000007,"failureMessages":[],"meta":{}},{"ancestorTitles":["Button Component","Variants"],"fullName":"Button Component Variants applies secondary variant class correctly","status":"passed","title":"applies secondary variant class correctly","duration":8.173099999999977,"failureMessages":[],"meta":{}},{"ancestorTitles":["Button Component","Variants"],"fullName":"Button Component Variants applies ghost variant class correctly","status":"passed","title":"applies ghost variant class correctly","duration":11.864199999999983,"failureMessages":[],"meta":{}},{"ancestorTitles":["Button Component","Variants"],"fullName":"Button Component Variants applies outline variant class correctly","status":"passed","title":"applies outline variant class correctly","duration":6.860000000000582,"failureMessages":[],"meta":{}},{"ancestorTitles":["Button Component","Variants"],"fullName":"Button Component Variants falls back to primary for invalid variant","status":"passed","title":"falls back to primary for invalid variant","duration":7.515400000000227,"failureMessages":[],"meta":{}},{"ancestorTitles":["Button Component","Sizes"],"fullName":"Button Component Sizes applies small size class correctly","status":"passed","title":"applies small size class correctly","duration":6.770999999999731,"failureMessages":[],"meta":{}},{"ancestorTitles":["Button Component","Sizes"],"fullName":"Button Component Sizes applies medium size class correctly","status":"passed","title":"applies medium size class correctly","duration":7.391799999999421,"failureMessages":[],"meta":{}},{"ancestorTitles":["Button Component","Sizes"],"fullName":"Button Component Sizes applies large size class correctly","status":"passed","title":"applies large size class correctly","duration":6.02179999999953,"failureMessages":[],"meta":{}},{"ancestorTitles":["Button Component","Sizes"],"fullName":"Button Component Sizes falls back to medium for invalid size","status":"passed","title":"falls back to medium for invalid size","duration":5.757499999999709,"failureMessages":[],"meta":{}},{"ancestorTitles":["Button Component","Loading State"],"fullName":"Button Component Loading State shows loading spinner when loading is true","status":"passed","title":"shows loading spinner when loading is true","duration":12.00630000000001,"failureMessages":[],"meta":{}},{"ancestorTitles":["Button Component","Loading State"],"fullName":"Button Component Loading State disables button when loading","status":"passed","title":"disables button when loading","duration":7.804399999999987,"failureMessages":[],"meta":{}},{"ancestorTitles":["Button Component","Loading State"],"fullName":"Button Component Loading State does not show loading class when loading is false","status":"passed","title":"does not show loading class when loading is false","duration":6.7354999999997744,"failureMessages":[],"meta":{}},{"ancestorTitles":["Button Component","Disabled State"],"fullName":"Button Component Disabled State disables button when disabled prop is true","status":"passed","title":"disables button when disabled prop is true","duration":7.278800000000047,"failureMessages":[],"meta":{}},{"ancestorTitles":["Button Component","Disabled State"],"fullName":"Button Component Disabled State applies disabled class when disabled","status":"passed","title":"applies disabled class when disabled","duration":9.535499999999956,"failureMessages":[],"meta":{}},{"ancestorTitles":["Button Component","Disabled State"],"fullName":"Button Component Disabled State is enabled when disabled is false","status":"passed","title":"is enabled when disabled is false","duration":8.858400000000074,"failureMessages":[],"meta":{}},{"ancestorTitles":["Button Component","Disabled State"],"fullName":"Button Component Disabled State does not call onClick when disabled","status":"passed","title":"does not call onClick when disabled","duration":40.46439999999984,"failureMessages":[],"meta":{}},{"ancestorTitles":["Button Component","Full Width"],"fullName":"Button Component Full Width applies full width class when fullWidth is true","status":"passed","title":"applies full width class when fullWidth is true","duration":14.18159999999989,"failureMessages":[],"meta":{}},{"ancestorTitles":["Button Component","Full Width"],"fullName":"Button Component Full Width does not apply full width class when fullWidth is false","status":"passed","title":"does not apply full width class when fullWidth is false","duration":7.936099999999897,"failureMessages":[],"meta":{}},{"ancestorTitles":["Button Component","Icon Rendering"],"fullName":"Button Component Icon Rendering renders icon on the left by default","status":"passed","title":"renders icon on the left by default","duration":15.057600000000093,"failureMessages":[],"meta":{}},{"ancestorTitles":["Button Component","Icon Rendering"],"fullName":"Button Component Icon Rendering renders icon on the right when iconPosition is right","status":"passed","title":"renders icon on the right when iconPosition is right","duration":9.247699999999895,"failureMessages":[],"meta":{}},{"ancestorTitles":["Button Component","Icon Rendering"],"fullName":"Button Component Icon Rendering does not render icon element when no icon provided","status":"passed","title":"does not render icon element when no icon provided","duration":7.539800000000469,"failureMessages":[],"meta":{}},{"ancestorTitles":["Button Component","Icon Rendering"],"fullName":"Button Component Icon Rendering falls back to left for invalid iconPosition","status":"passed","title":"falls back to left for invalid iconPosition","duration":2.342899999999645,"failureMessages":[],"meta":{}},{"ancestorTitles":["Button Component","Click Handling"],"fullName":"Button Component Click Handling calls onClick when clicked","status":"passed","title":"calls onClick when clicked","duration":65.66290000000026,"failureMessages":[],"meta":{}},{"ancestorTitles":["Button Component","Click Handling"],"fullName":"Button Component Click Handling does not throw when onClick is not provided","status":"passed","title":"does not throw when onClick is not provided","duration":30.66899999999987,"failureMessages":[],"meta":{}},{"ancestorTitles":["Button Component","Click Handling"],"fullName":"Button Component Click Handling does not call onClick when loading","status":"passed","title":"does not call onClick when loading","duration":73.89059999999972,"failureMessages":[],"meta":{}},{"ancestorTitles":["Button Component","Type Attribute"],"fullName":"Button Component Type Attribute defaults to button type","status":"passed","title":"defaults to button type","duration":6.436200000000099,"failureMessages":[],"meta":{}},{"ancestorTitles":["Button Component","Type Attribute"],"fullName":"Button Component Type Attribute renders with submit type","status":"passed","title":"renders with submit type","duration":6.148200000000543,"failureMessages":[],"meta":{}},{"ancestorTitles":["Button Component","Type Attribute"],"fullName":"Button Component Type Attribute renders with reset type","status":"passed","title":"renders with reset type","duration":5.625799999999799,"failureMessages":[],"meta":{}},{"ancestorTitles":["Button Component","Custom Class Name"],"fullName":"Button Component Custom Class Name applies custom className along with default classes","status":"passed","title":"applies custom className along with default classes","duration":6.025399999999536,"failureMessages":[],"meta":{}},{"ancestorTitles":["Button Component","Custom Class Name"],"fullName":"Button Component Custom Class Name handles empty className","status":"passed","title":"handles empty className","duration":6.881900000000314,"failureMessages":[],"meta":{}},{"ancestorTitles":["Button Component","Combined Props"],"fullName":"Button Component Combined Props combines multiple props correctly","status":"passed","title":"combines multiple props correctly","duration":5.660900000000765,"failureMessages":[],"meta":{}},{"ancestorTitles":["Button Component","Combined Props"],"fullName":"Button Component Combined Props prioritizes disabled over loading for class names","status":"passed","title":"prioritizes disabled over loading for class names","duration":6.126999999999498,"failureMessages":[],"meta":{}},{"ancestorTitles":["Button Component","Accessibility"],"fullName":"Button Component Accessibility is focusable when not disabled","status":"passed","title":"is focusable when not disabled","duration":5.802099999999882,"failureMessages":[],"meta":{}},{"ancestorTitles":["Button Component","Accessibility"],"fullName":"Button Component Accessibility is not focusable when disabled","status":"passed","title":"is not focusable when disabled","duration":7.1148999999995794,"failureMessages":[],"meta":{}},{"ancestorTitles":["Button Component","Accessibility"],"fullName":"Button Component Accessibility can be triggered with Enter key","status":"passed","title":"can be triggered with Enter key","duration":59.07480000000032,"failureMessages":[],"meta":{}},{"ancestorTitles":["Button Component","Accessibility"],"fullName":"Button Component Accessibility can be triggered with Space key","status":"passed","title":"can be triggered with Space key","duration":49.23649999999998,"failureMessages":[],"meta":{}},{"ancestorTitles":["Button Component","Edge Cases"],"fullName":"Button Component Edge Cases handles undefined children gracefully","status":"passed","title":"handles undefined children gracefully","duration":8.209499999999935,"failureMessages":[],"meta":{}},{"ancestorTitles":["Button Component","Edge Cases"],"fullName":"Button Component Edge Cases handles null children gracefully","status":"passed","title":"handles null children gracefully","duration":6.255799999999908,"failureMessages":[],"meta":{}},{"ancestorTitles":["Button Component","Edge Cases"],"fullName":"Button Component Edge Cases handles multiple children","status":"passed","title":"handles multiple children","duration":7.22019999999975,"failureMessages":[],"meta":{}},{"ancestorTitles":["Button Component","Edge Cases"],"fullName":"Button Component Edge Cases handles number children","status":"passed","title":"handles number children","duration":6.131199999999808,"failureMessages":[],"meta":{}}],"startTime":1771032543564,"endTime":1771032544372.131,"status":"passed","message":"","name":"C:/Users/igor/OneDrive/Documents/splitlease/app/src/islands/shared/Button.test.jsx"},{"assertionResults":[{"ancestorTitles":["DayButton Component","Rendering"],"fullName":"DayButton Component Rendering renders the day single letter","status":"passed","title":"renders the day single letter","duration":28.581900000000132,"failureMessages":[],"meta":{}},{"ancestorTitles":["DayButton Component","Rendering"],"fullName":"DayButton Component Rendering renders as a button element","status":"passed","title":"renders as a button element","duration":137.3837999999996,"failureMessages":[],"meta":{}},{"ancestorTitles":["DayButton Component","Rendering"],"fullName":"DayButton Component Rendering renders with type=\"button\" attribute","status":"passed","title":"renders with type=\"button\" attribute","duration":19.839600000000246,"failureMessages":[],"meta":{}},{"ancestorTitles":["DayButton Component","Rendering"],"fullName":"DayButton Component Rendering renders title attribute with day name","status":"passed","title":"renders title attribute with day name","duration":13.683199999999943,"failureMessages":[],"meta":{}},{"ancestorTitles":["DayButton Component","Selection State"],"fullName":"DayButton Component Selection State applies selected class when isSelected is true","status":"passed","title":"applies selected class when isSelected is true","duration":20.712999999999738,"failureMessages":[],"meta":{}},{"ancestorTitles":["DayButton Component","Selection State"],"fullName":"DayButton Component Selection State does not apply selected class when isSelected is false","status":"passed","title":"does not apply selected class when isSelected is false","duration":12.500400000000354,"failureMessages":[],"meta":{}},{"ancestorTitles":["DayButton Component","Selection State"],"fullName":"DayButton Component Selection State sets aria-pressed to true when selected","status":"passed","title":"sets aria-pressed to true when selected","duration":8.379399999999805,"failureMessages":[],"meta":{}},{"ancestorTitles":["DayButton Component","Selection State"],"fullName":"DayButton Component Selection State sets aria-pressed to false when not selected","status":"passed","title":"sets aria-pressed to false when not selected","duration":9.362599999999475,"failureMessages":[],"meta":{}},{"ancestorTitles":["DayButton Component","Availability State"],"fullName":"DayButton Component Availability State applies disabled class when day is not available","status":"passed","title":"applies disabled class when day is not available","duration":13.440999999999804,"failureMessages":[],"meta":{}},{"ancestorTitles":["DayButton Component","Availability State"],"fullName":"DayButton Component Availability State does not apply disabled class when day is available","status":"passed","title":"does not apply disabled class when day is available","duration":9.592499999999745,"failureMessages":[],"meta":{}},{"ancestorTitles":["DayButton Component","Availability State"],"fullName":"DayButton Component Availability State disables button when day is not available","status":"passed","title":"disables button when day is not available","duration":6.822299999999814,"failureMessages":[],"meta":{}},{"ancestorTitles":["DayButton Component","Availability State"],"fullName":"DayButton Component Availability State enables button when day is available","status":"passed","title":"enables button when day is available","duration":6.977900000000773,"failureMessages":[],"meta":{}},{"ancestorTitles":["DayButton Component","Clickable State"],"fullName":"DayButton Component Clickable State applies not-clickable class when isClickable is false","status":"passed","title":"applies not-clickable class when isClickable is false","duration":6.035600000000159,"failureMessages":[],"meta":{}},{"ancestorTitles":["DayButton Component","Clickable State"],"fullName":"DayButton Component Clickable State does not apply not-clickable class when isClickable is true","status":"passed","title":"does not apply not-clickable class when isClickable is true","duration":6.197900000000118,"failureMessages":[],"meta":{}},{"ancestorTitles":["DayButton Component","Clickable State"],"fullName":"DayButton Component Clickable State disables button when isClickable is false","status":"passed","title":"disables button when isClickable is false","duration":6.6601999999993495,"failureMessages":[],"meta":{}},{"ancestorTitles":["DayButton Component","Click Handling"],"fullName":"DayButton Component Click Handling calls onClick with day when clicked and available and clickable","status":"passed","title":"calls onClick with day when clicked and available and clickable","duration":39.35539999999946,"failureMessages":[],"meta":{}},{"ancestorTitles":["DayButton Component","Click Handling"],"fullName":"DayButton Component Click Handling does not call onClick when day is not available","status":"passed","title":"does not call onClick when day is not available","duration":12.644800000000032,"failureMessages":[],"meta":{}},{"ancestorTitles":["DayButton Component","Click Handling"],"fullName":"DayButton Component Click Handling does not call onClick when not clickable","status":"passed","title":"does not call onClick when not clickable","duration":6.334000000000742,"failureMessages":[],"meta":{}},{"ancestorTitles":["DayButton Component","Click Handling"],"fullName":"DayButton Component Click Handling does not call onClick when both unavailable and not clickable","status":"passed","title":"does not call onClick when both unavailable and not clickable","duration":6.13339999999971,"failureMessages":[],"meta":{}},{"ancestorTitles":["DayButton Component","CSS Classes"],"fullName":"DayButton Component CSS Classes always applies day-button base class","status":"passed","title":"always applies day-button base class","duration":6.0195999999996275,"failureMessages":[],"meta":{}},{"ancestorTitles":["DayButton Component","CSS Classes"],"fullName":"DayButton Component CSS Classes combines multiple state classes correctly","status":"passed","title":"combines multiple state classes correctly","duration":9.085100000000239,"failureMessages":[],"meta":{}},{"ancestorTitles":["DayButton Component","Accessibility"],"fullName":"DayButton Component Accessibility has correct aria-label for unselected day","status":"passed","title":"has correct aria-label for unselected day","duration":5.782200000000557,"failureMessages":[],"meta":{}},{"ancestorTitles":["DayButton Component","Accessibility"],"fullName":"DayButton Component Accessibility has correct aria-label for selected day","status":"passed","title":"has correct aria-label for selected day","duration":5.772500000000036,"failureMessages":[],"meta":{}},{"ancestorTitles":["DayButton Component","Accessibility"],"fullName":"DayButton Component Accessibility is focusable when enabled","status":"passed","title":"is focusable when enabled","duration":6.9867999999996755,"failureMessages":[],"meta":{}},{"ancestorTitles":["DayButton Component","Accessibility"],"fullName":"DayButton Component Accessibility is not focusable when disabled","status":"passed","title":"is not focusable when disabled","duration":5.711200000000645,"failureMessages":[],"meta":{}},{"ancestorTitles":["DayButton Component","Accessibility"],"fullName":"DayButton Component Accessibility can be activated with keyboard when enabled","status":"passed","title":"can be activated with keyboard when enabled","duration":52.8184999999994,"failureMessages":[],"meta":{}},{"ancestorTitles":["DayButton Component","Accessibility"],"fullName":"DayButton Component Accessibility can be activated with space key","status":"passed","title":"can be activated with space key","duration":40.724599999999555,"failureMessages":[],"meta":{}},{"ancestorTitles":["DayButton Component","Different Days"],"fullName":"DayButton Component Different Days renders Sunday correctly","status":"passed","title":"renders Sunday correctly","duration":6.953300000000127,"failureMessages":[],"meta":{}},{"ancestorTitles":["DayButton Component","Different Days"],"fullName":"DayButton Component Different Days renders Monday correctly","status":"passed","title":"renders Monday correctly","duration":6.274400000000242,"failureMessages":[],"meta":{}},{"ancestorTitles":["DayButton Component","Different Days"],"fullName":"DayButton Component Different Days renders Tuesday correctly","status":"passed","title":"renders Tuesday correctly","duration":6.025700000000143,"failureMessages":[],"meta":{}},{"ancestorTitles":["DayButton Component","Different Days"],"fullName":"DayButton Component Different Days renders Wednesday correctly","status":"passed","title":"renders Wednesday correctly","duration":5.932300000000396,"failureMessages":[],"meta":{}},{"ancestorTitles":["DayButton Component","Different Days"],"fullName":"DayButton Component Different Days renders Thursday correctly","status":"passed","title":"renders Thursday correctly","duration":5.808199999999488,"failureMessages":[],"meta":{}},{"ancestorTitles":["DayButton Component","Different Days"],"fullName":"DayButton Component Different Days renders Friday correctly","status":"passed","title":"renders Friday correctly","duration":6.843400000000656,"failureMessages":[],"meta":{}},{"ancestorTitles":["DayButton Component","Different Days"],"fullName":"DayButton Component Different Days renders Saturday correctly","status":"passed","title":"renders Saturday correctly","duration":7.839100000000144,"failureMessages":[],"meta":{}},{"ancestorTitles":["DayButton Component","Disabled State Combinations"],"fullName":"DayButton Component Disabled State Combinations is disabled when only unavailable","status":"passed","title":"is disabled when only unavailable","duration":6.734400000000278,"failureMessages":[],"meta":{}},{"ancestorTitles":["DayButton Component","Disabled State Combinations"],"fullName":"DayButton Component Disabled State Combinations is disabled when only not clickable","status":"passed","title":"is disabled when only not clickable","duration":6.464700000000448,"failureMessages":[],"meta":{}},{"ancestorTitles":["DayButton Component","Disabled State Combinations"],"fullName":"DayButton Component Disabled State Combinations is disabled when both unavailable and not clickable","status":"passed","title":"is disabled when both unavailable and not clickable","duration":11.529999999999745,"failureMessages":[],"meta":{}},{"ancestorTitles":["DayButton Component","Disabled State Combinations"],"fullName":"DayButton Component Disabled State Combinations is enabled when both available and clickable","status":"passed","title":"is enabled when both available and clickable","duration":7.089699999999539,"failureMessages":[],"meta":{}},{"ancestorTitles":["DayButton Component","Edge Cases"],"fullName":"DayButton Component Edge Cases handles day with special characters in name","status":"passed","title":"handles day with special characters in name","duration":9.873400000000402,"failureMessages":[],"meta":{}},{"ancestorTitles":["DayButton Component","Edge Cases"],"fullName":"DayButton Component Edge Cases handles empty single letter","status":"passed","title":"handles empty single letter","duration":7.44419999999991,"failureMessages":[],"meta":{}},{"ancestorTitles":["DayButton Component","Edge Cases"],"fullName":"DayButton Component Edge Cases handles multiple character single letter","status":"passed","title":"handles multiple character single letter","duration":2.170700000000579,"failureMessages":[],"meta":{}}],"startTime":1771032543444,"endTime":1771032544046.1707,"status":"passed","message":"","name":"C:/Users/igor/OneDrive/Documents/splitlease/app/src/islands/shared/DayButton.test.jsx"},{"assertionResults":[{"ancestorTitles":["ErrorBoundary"],"fullName":"ErrorBoundary shows fallback UI and reload action when a lazy import fails","status":"passed","title":"shows fallback UI and reload action when a lazy import fails","duration":287.63949999999977,"failureMessages":[],"meta":{}}],"startTime":1771032543525,"endTime":1771032543812.6394,"status":"passed","message":"","name":"C:/Users/igor/OneDrive/Documents/splitlease/app/src/islands/shared/ErrorBoundary.test.jsx"},{"assertionResults":[{"ancestorTitles":["ErrorModal Component","Rendering"],"fullName":"ErrorModal Component Rendering renders nothing when hasError is false","status":"passed","title":"renders nothing when hasError is false","duration":15.88209999999981,"failureMessages":[],"meta":{}},{"ancestorTitles":["ErrorModal Component","Rendering"],"fullName":"ErrorModal Component Rendering renders overlay when hasError is true","status":"passed","title":"renders overlay when hasError is true","duration":176.6897999999992,"failureMessages":[],"meta":{}},{"ancestorTitles":["ErrorModal Component","Rendering"],"fullName":"ErrorModal Component Rendering renders error message","status":"passed","title":"renders error message","duration":5.445099999999911,"failureMessages":[],"meta":{}},{"ancestorTitles":["ErrorModal Component","Rendering"],"fullName":"ErrorModal Component Rendering renders backdrop element","status":"passed","title":"renders backdrop element","duration":5.174200000000383,"failureMessages":[],"meta":{}},{"ancestorTitles":["ErrorModal Component","Rendering"],"fullName":"ErrorModal Component Rendering renders overlay container","status":"passed","title":"renders overlay container","duration":3.285700000000361,"failureMessages":[],"meta":{}},{"ancestorTitles":["ErrorModal Component","Error Titles by Type"],"fullName":"ErrorModal Component Error Titles by Type renders correct title for error type: minimum_nights","status":"passed","title":"renders correct title for error type: minimum_nights","duration":20.585900000000038,"failureMessages":[],"meta":{}},{"ancestorTitles":["ErrorModal Component","Error Titles by Type"],"fullName":"ErrorModal Component Error Titles by Type renders correct title for error type: maximum_nights","status":"passed","title":"renders correct title for error type: maximum_nights","duration":14.725400000000263,"failureMessages":[],"meta":{}},{"ancestorTitles":["ErrorModal Component","Error Titles by Type"],"fullName":"ErrorModal Component Error Titles by Type renders correct title for error type: maximum_nights_warning","status":"passed","title":"renders correct title for error type: maximum_nights_warning","duration":14.787000000000262,"failureMessages":[],"meta":{}},{"ancestorTitles":["ErrorModal Component","Error Titles by Type"],"fullName":"ErrorModal Component Error Titles by Type renders correct title for error type: contiguity","status":"passed","title":"renders correct title for error type: contiguity","duration":15.341799999999239,"failureMessages":[],"meta":{}},{"ancestorTitles":["ErrorModal Component","Error Titles by Type"],"fullName":"ErrorModal Component Error Titles by Type renders correct title for error type: availability","status":"passed","title":"renders correct title for error type: availability","duration":16.612700000000586,"failureMessages":[],"meta":{}},{"ancestorTitles":["ErrorModal Component","Error Titles by Type"],"fullName":"ErrorModal Component Error Titles by Type renders correct title for error type: days_selected","status":"passed","title":"renders correct title for error type: days_selected","duration":13.01760000000013,"failureMessages":[],"meta":{}},{"ancestorTitles":["ErrorModal Component","Error Titles by Type"],"fullName":"ErrorModal Component Error Titles by Type renders correct title for error type: nights_outside_host","status":"passed","title":"renders correct title for error type: nights_outside_host","duration":13.247700000000805,"failureMessages":[],"meta":{}},{"ancestorTitles":["ErrorModal Component","Error Titles by Type"],"fullName":"ErrorModal Component Error Titles by Type renders correct title for error type: unknown_type","status":"passed","title":"renders correct title for error type: unknown_type","duration":10.987999999999374,"failureMessages":[],"meta":{}},{"ancestorTitles":["ErrorModal Component","Error Titles by Type"],"fullName":"ErrorModal Component Error Titles by Type renders correct title for error type: empty","status":"passed","title":"renders correct title for error type: empty","duration":11.6875,"failureMessages":[],"meta":{}},{"ancestorTitles":["ErrorModal Component","Additional Messages"],"fullName":"ErrorModal Component Additional Messages shows additional message for maximum_nights_warning","status":"passed","title":"shows additional message for maximum_nights_warning","duration":3.636099999999715,"failureMessages":[],"meta":{}},{"ancestorTitles":["ErrorModal Component","Additional Messages"],"fullName":"ErrorModal Component Additional Messages does not show additional message for other error types","status":"passed","title":"does not show additional message for other error types","duration":2.6204999999999927,"failureMessages":[],"meta":{}},{"ancestorTitles":["ErrorModal Component","Close Handler"],"fullName":"ErrorModal Component Close Handler calls onClose when button is clicked","status":"passed","title":"calls onClose when button is clicked","duration":68.42829999999958,"failureMessages":[],"meta":{}},{"ancestorTitles":["ErrorModal Component","Close Handler"],"fullName":"ErrorModal Component Close Handler does not call onClose when clicking inside overlay","status":"passed","title":"does not call onClose when clicking inside overlay","duration":4.9843999999993684,"failureMessages":[],"meta":{}},{"ancestorTitles":["ErrorModal Component","CSS Classes"],"fullName":"ErrorModal Component CSS Classes applies error-overlay-backdrop class","status":"passed","title":"applies error-overlay-backdrop class","duration":2.460099999999329,"failureMessages":[],"meta":{}},{"ancestorTitles":["ErrorModal Component","CSS Classes"],"fullName":"ErrorModal Component CSS Classes applies error-overlay class to content container","status":"passed","title":"applies error-overlay class to content container","duration":2.17200000000048,"failureMessages":[],"meta":{}},{"ancestorTitles":["ErrorModal Component","CSS Classes"],"fullName":"ErrorModal Component CSS Classes applies error-header class","status":"passed","title":"applies error-header class","duration":3.0700999999999112,"failureMessages":[],"meta":{}},{"ancestorTitles":["ErrorModal Component","CSS Classes"],"fullName":"ErrorModal Component CSS Classes applies error-content class","status":"passed","title":"applies error-content class","duration":3.019800000000032,"failureMessages":[],"meta":{}},{"ancestorTitles":["ErrorModal Component","CSS Classes"],"fullName":"ErrorModal Component CSS Classes applies error-actions class","status":"passed","title":"applies error-actions class","duration":2.5387000000000626,"failureMessages":[],"meta":{}},{"ancestorTitles":["ErrorModal Component","CSS Classes"],"fullName":"ErrorModal Component CSS Classes applies error-button class to close button","status":"passed","title":"applies error-button class to close button","duration":2.825800000000527,"failureMessages":[],"meta":{}},{"ancestorTitles":["ErrorModal Component","CSS Classes"],"fullName":"ErrorModal Component CSS Classes applies error-additional-info class for warning message","status":"passed","title":"applies error-additional-info class for warning message","duration":2.9886999999998807,"failureMessages":[],"meta":{}},{"ancestorTitles":["ErrorModal Component","Structure"],"fullName":"ErrorModal Component Structure has correct heading hierarchy","status":"passed","title":"has correct heading hierarchy","duration":11.358000000000175,"failureMessages":[],"meta":{}},{"ancestorTitles":["ErrorModal Component","Structure"],"fullName":"ErrorModal Component Structure renders message in paragraph element","status":"passed","title":"renders message in paragraph element","duration":5.267699999999422,"failureMessages":[],"meta":{}},{"ancestorTitles":["ErrorModal Component","Structure"],"fullName":"ErrorModal Component Structure renders button with correct text","status":"passed","title":"renders button with correct text","duration":11.368800000000192,"failureMessages":[],"meta":{}},{"ancestorTitles":["ErrorModal Component","Different Error Messages"],"fullName":"ErrorModal Component Different Error Messages displays error message: \"Please select at least 2 nights.\"","status":"passed","title":"displays error message: \"Please select at least 2 nights.\"","duration":2.8270999999995183,"failureMessages":[],"meta":{}},{"ancestorTitles":["ErrorModal Component","Different Error Messages"],"fullName":"ErrorModal Component Different Error Messages displays error message: \"You have exceeded the maximum of 7 nights.\"","status":"passed","title":"displays error message: \"You have exceeded the maximum of 7 nights.\"","duration":2.2935000000006767,"failureMessages":[],"meta":{}},{"ancestorTitles":["ErrorModal Component","Different Error Messages"],"fullName":"ErrorModal Component Different Error Messages displays error message: \"Selected days must be consecutive.\"","status":"passed","title":"displays error message: \"Selected days must be consecutive.\"","duration":1.9439999999995052,"failureMessages":[],"meta":{}},{"ancestorTitles":["ErrorModal Component","Different Error Messages"],"fullName":"ErrorModal Component Different Error Messages displays error message: \"This day is not available for booking.\"","status":"passed","title":"displays error message: \"This day is not available for booking.\"","duration":3.3189999999995052,"failureMessages":[],"meta":{}},{"ancestorTitles":["ErrorModal Component","Different Error Messages"],"fullName":"ErrorModal Component Different Error Messages displays error message: \"Please select valid days.\"","status":"passed","title":"displays error message: \"Please select valid days.\"","duration":2.5994000000000597,"failureMessages":[],"meta":{}},{"ancestorTitles":["ErrorModal Component","Different Error Messages"],"fullName":"ErrorModal Component Different Error Messages displays error message: \"The selected nights are outside the host availability window.\"","status":"passed","title":"displays error message: \"The selected nights are outside the host availability window.\"","duration":2.782199999999648,"failureMessages":[],"meta":{}},{"ancestorTitles":["ErrorModal Component","Edge Cases"],"fullName":"ErrorModal Component Edge Cases handles empty error message","status":"passed","title":"handles empty error message","duration":12.249000000000706,"failureMessages":[],"meta":{}},{"ancestorTitles":["ErrorModal Component","Edge Cases"],"fullName":"ErrorModal Component Edge Cases handles undefined errorType gracefully","status":"passed","title":"handles undefined errorType gracefully","duration":10.561499999999796,"failureMessages":[],"meta":{}},{"ancestorTitles":["ErrorModal Component","Edge Cases"],"fullName":"ErrorModal Component Edge Cases handles null errorType gracefully","status":"passed","title":"handles null errorType gracefully","duration":9.762699999999313,"failureMessages":[],"meta":{}},{"ancestorTitles":["ErrorModal Component","Edge Cases"],"fullName":"ErrorModal Component Edge Cases handles very long error messages","status":"passed","title":"handles very long error messages","duration":2.2031000000006316,"failureMessages":[],"meta":{}},{"ancestorTitles":["ErrorModal Component","Edge Cases"],"fullName":"ErrorModal Component Edge Cases handles special characters in error message","status":"passed","title":"handles special characters in error message","duration":2.001299999999901,"failureMessages":[],"meta":{}},{"ancestorTitles":["ErrorModal Component","Interactions"],"fullName":"ErrorModal Component Interactions prevents event propagation when clicking overlay content","status":"passed","title":"prevents event propagation when clicking overlay content","duration":2.36620000000039,"failureMessages":[],"meta":{}},{"ancestorTitles":["ErrorModal Component","Interactions"],"fullName":"ErrorModal Component Interactions button can be focused","status":"passed","title":"button can be focused","duration":12.703800000000228,"failureMessages":[],"meta":{}},{"ancestorTitles":["ErrorModal Component","Interactions"],"fullName":"ErrorModal Component Interactions button can be activated with keyboard","status":"passed","title":"button can be activated with keyboard","duration":37.35190000000057,"failureMessages":[],"meta":{}},{"ancestorTitles":["ErrorModal Component","Interactions"],"fullName":"ErrorModal Component Interactions button can be activated with space key","status":"passed","title":"button can be activated with space key","duration":44.16650000000027,"failureMessages":[],"meta":{}},{"ancestorTitles":["ErrorModal Component","All Error Types - Full Rendering"],"fullName":"ErrorModal Component All Error Types - Full Rendering renders minimum_nights error correctly","status":"passed","title":"renders minimum_nights error correctly","duration":3.009100000000217,"failureMessages":[],"meta":{}},{"ancestorTitles":["ErrorModal Component","All Error Types - Full Rendering"],"fullName":"ErrorModal Component All Error Types - Full Rendering renders maximum_nights error correctly","status":"passed","title":"renders maximum_nights error correctly","duration":2.9063999999998487,"failureMessages":[],"meta":{}},{"ancestorTitles":["ErrorModal Component","All Error Types - Full Rendering"],"fullName":"ErrorModal Component All Error Types - Full Rendering renders contiguity error correctly","status":"passed","title":"renders contiguity error correctly","duration":2.8221999999996115,"failureMessages":[],"meta":{}},{"ancestorTitles":["ErrorModal Component","All Error Types - Full Rendering"],"fullName":"ErrorModal Component All Error Types - Full Rendering renders availability error correctly","status":"passed","title":"renders availability error correctly","duration":4.349500000000262,"failureMessages":[],"meta":{}}],"startTime":1771032543737,"endTime":1771032544365.3496,"status":"passed","message":"","name":"C:/Users/igor/OneDrive/Documents/splitlease/app/src/islands/shared/ErrorModal.test.jsx"},{"assertionResults":[{"ancestorTitles":["PriceDisplay Component","Rendering"],"fullName":"PriceDisplay Component Rendering renders nothing when numberOfNights is 0","status":"passed","title":"renders nothing when numberOfNights is 0","duration":16.575400000000172,"failureMessages":[],"meta":{}},{"ancestorTitles":["PriceDisplay Component","Rendering"],"fullName":"PriceDisplay Component Rendering renders price breakdown when numberOfNights is greater than 0","status":"passed","title":"renders price breakdown when numberOfNights is greater than 0","duration":40.06560000000036,"failureMessages":[],"meta":{}},{"ancestorTitles":["PriceDisplay Component","Rendering"],"fullName":"PriceDisplay Component Rendering renders all required price rows","status":"passed","title":"renders all required price rows","duration":10.227400000000216,"failureMessages":[],"meta":{}},{"ancestorTitles":["PriceDisplay Component","Price Formatting"],"fullName":"PriceDisplay Component Price Formatting formats prices in USD currency by default","status":"passed","title":"formats prices in USD currency by default","duration":8.442000000000007,"failureMessages":[],"meta":{}},{"ancestorTitles":["PriceDisplay Component","Price Formatting"],"fullName":"PriceDisplay Component Price Formatting formats prices in EUR currency when specified","status":"passed","title":"formats prices in EUR currency when specified","duration":4.662800000000061,"failureMessages":[],"meta":{}},{"ancestorTitles":["PriceDisplay Component","Price Formatting"],"fullName":"PriceDisplay Component Price Formatting handles zero prices correctly","status":"passed","title":"handles zero prices correctly","duration":4.151499999999942,"failureMessages":[],"meta":{}},{"ancestorTitles":["PriceDisplay Component","Price Formatting"],"fullName":"PriceDisplay Component Price Formatting handles large numbers correctly","status":"passed","title":"handles large numbers correctly","duration":4.189899999999852,"failureMessages":[],"meta":{}},{"ancestorTitles":["PriceDisplay Component","Price Formatting"],"fullName":"PriceDisplay Component Price Formatting rounds decimal prices correctly","status":"passed","title":"rounds decimal prices correctly","duration":4.335599999999886,"failureMessages":[],"meta":{}},{"ancestorTitles":["PriceDisplay Component","Conditional Rows","Discount Amount"],"fullName":"PriceDisplay Component Conditional Rows Discount Amount shows discount row when discountAmount is greater than 0","status":"passed","title":"shows discount row when discountAmount is greater than 0","duration":5.142399999999725,"failureMessages":[],"meta":{}},{"ancestorTitles":["PriceDisplay Component","Conditional Rows","Discount Amount"],"fullName":"PriceDisplay Component Conditional Rows Discount Amount does not show discount row when discountAmount is 0","status":"passed","title":"does not show discount row when discountAmount is 0","duration":3.759700000000066,"failureMessages":[],"meta":{}},{"ancestorTitles":["PriceDisplay Component","Conditional Rows","Discount Amount"],"fullName":"PriceDisplay Component Conditional Rows Discount Amount does not show discount row when discountAmount is undefined","status":"passed","title":"does not show discount row when discountAmount is undefined","duration":2.6123999999999796,"failureMessages":[],"meta":{}},{"ancestorTitles":["PriceDisplay Component","Conditional Rows","Markup Amount"],"fullName":"PriceDisplay Component Conditional Rows Markup Amount shows markup row when markupAmount is greater than 0","status":"passed","title":"shows markup row when markupAmount is greater than 0","duration":4.218600000000151,"failureMessages":[],"meta":{}},{"ancestorTitles":["PriceDisplay Component","Conditional Rows","Markup Amount"],"fullName":"PriceDisplay Component Conditional Rows Markup Amount does not show markup row when markupAmount is 0","status":"passed","title":"does not show markup row when markupAmount is 0","duration":2.2517000000002554,"failureMessages":[],"meta":{}},{"ancestorTitles":["PriceDisplay Component","Conditional Rows","Four Week Rent"],"fullName":"PriceDisplay Component Conditional Rows Four Week Rent shows 4-week rent row when fourWeekRent is greater than 0","status":"passed","title":"shows 4-week rent row when fourWeekRent is greater than 0","duration":3.2386999999998807,"failureMessages":[],"meta":{}},{"ancestorTitles":["PriceDisplay Component","Conditional Rows","Four Week Rent"],"fullName":"PriceDisplay Component Conditional Rows Four Week Rent does not show 4-week rent row when fourWeekRent is 0","status":"passed","title":"does not show 4-week rent row when fourWeekRent is 0","duration":2.52579999999989,"failureMessages":[],"meta":{}},{"ancestorTitles":["PriceDisplay Component","Conditional Rows","Four Week Rent"],"fullName":"PriceDisplay Component Conditional Rows Four Week Rent does not show 4-week rent row when fourWeekRent is undefined","status":"passed","title":"does not show 4-week rent row when fourWeekRent is undefined","duration":5.771299999999883,"failureMessages":[],"meta":{}},{"ancestorTitles":["PriceDisplay Component","Conditional Rows","Initial Payment"],"fullName":"PriceDisplay Component Conditional Rows Initial Payment shows initial payment row when initialPayment is greater than 0","status":"passed","title":"shows initial payment row when initialPayment is greater than 0","duration":3.897699999999986,"failureMessages":[],"meta":{}},{"ancestorTitles":["PriceDisplay Component","Conditional Rows","Initial Payment"],"fullName":"PriceDisplay Component Conditional Rows Initial Payment does not show initial payment row when initialPayment is 0","status":"passed","title":"does not show initial payment row when initialPayment is 0","duration":2.1662000000
[...]
e","interactions"],"fullName":"NotificationToggle interactions should call onChange when clicked","status":"passed","title":"should call onChange when clicked","duration":61.83050000000003,"failureMessages":[],"meta":{}},{"ancestorTitles":["NotificationToggle","interactions"],"fullName":"NotificationToggle interactions should call onChange with false when toggling off","status":"passed","title":"should call onChange with false when toggling off","duration":59.823600000000624,"failureMessages":[],"meta":{}},{"ancestorTitles":["NotificationToggle","interactions"],"fullName":"NotificationToggle interactions should not call onChange when disabled","status":"passed","title":"should not call onChange when disabled","duration":50.8769999999995,"failureMessages":[],"meta":{}},{"ancestorTitles":["NotificationToggle","interactions"],"fullName":"NotificationToggle interactions should show disabled state with correct class","status":"passed","title":"should show disabled state with correct class","duration":2.627900000000409,"failureMessages":[],"meta":{}},{"ancestorTitles":["NotificationToggle","interactions"],"fullName":"NotificationToggle interactions should handle missing onChange gracefully","status":"passed","title":"should handle missing onChange gracefully","duration":55.914700000000266,"failureMessages":[],"meta":{}},{"ancestorTitles":["NotificationToggle","interactions"],"fullName":"NotificationToggle interactions should call onChange on label click","status":"passed","title":"should call onChange on label click","duration":82.9439999999995,"failureMessages":[],"meta":{}},{"ancestorTitles":["NotificationToggle","accessibility"],"fullName":"NotificationToggle accessibility should have role=\"switch\"","status":"passed","title":"should have role=\"switch\"","duration":12.191599999999198,"failureMessages":[],"meta":{}},{"ancestorTitles":["NotificationToggle","accessibility"],"fullName":"NotificationToggle accessibility should have aria-checked matching enabled state when checked","status":"passed","title":"should have aria-checked matching enabled state when checked","duration":13.012800000000425,"failureMessages":[],"meta":{}},{"ancestorTitles":["NotificationToggle","accessibility"],"fullName":"NotificationToggle accessibility should have aria-checked matching enabled state when unchecked","status":"passed","title":"should have aria-checked matching enabled state when unchecked","duration":7.310900000000402,"failureMessages":[],"meta":{}},{"ancestorTitles":["NotificationToggle","accessibility"],"fullName":"NotificationToggle accessibility should have default aria-label","status":"passed","title":"should have default aria-label","duration":8.328499999999622,"failureMessages":[],"meta":{}},{"ancestorTitles":["NotificationToggle","accessibility"],"fullName":"NotificationToggle accessibility should accept custom aria-label","status":"passed","title":"should accept custom aria-label","duration":7.574999999999818,"failureMessages":[],"meta":{}},{"ancestorTitles":["NotificationToggle","accessibility"],"fullName":"NotificationToggle accessibility should be keyboard accessible - Enter key","status":"passed","title":"should be keyboard accessible - Enter key","duration":51.69390000000021,"failureMessages":[],"meta":{}},{"ancestorTitles":["NotificationToggle","accessibility"],"fullName":"NotificationToggle accessibility should be keyboard accessible - Space key","status":"passed","title":"should be keyboard accessible - Space key","duration":29.648400000000038,"failureMessages":[],"meta":{}},{"ancestorTitles":["NotificationToggle","accessibility"],"fullName":"NotificationToggle accessibility should not respond to keyboard when disabled","status":"passed","title":"should not respond to keyboard when disabled","duration":56.42060000000038,"failureMessages":[],"meta":{}},{"ancestorTitles":["NotificationToggle","accessibility"],"fullName":"NotificationToggle accessibility should have tabIndex 0 when not disabled","status":"passed","title":"should have tabIndex 0 when not disabled","duration":8.789800000000469,"failureMessages":[],"meta":{}},{"ancestorTitles":["NotificationToggle","accessibility"],"fullName":"NotificationToggle accessibility should have tabIndex -1 when disabled","status":"passed","title":"should have tabIndex -1 when disabled","duration":9.38799999999992,"failureMessages":[],"meta":{}},{"ancestorTitles":["NotificationToggle","accessibility"],"fullName":"NotificationToggle accessibility should be focusable when not disabled","status":"passed","title":"should be focusable when not disabled","duration":10.97609999999986,"failureMessages":[],"meta":{}},{"ancestorTitles":["NotificationToggle","state management"],"fullName":"NotificationToggle state management should reflect checked prop in checkbox state","status":"passed","title":"should reflect checked prop in checkbox state","duration":12.094100000000253,"failureMessages":[],"meta":{}},{"ancestorTitles":["NotificationToggle","state management"],"fullName":"NotificationToggle state management should reflect disabled prop in checkbox state","status":"passed","title":"should reflect disabled prop in checkbox state","duration":11.839700000000448,"failureMessages":[],"meta":{}},{"ancestorTitles":["NotificationToggle","state management"],"fullName":"NotificationToggle state management should handle rapid toggling","status":"passed","title":"should handle rapid toggling","duration":174.39620000000014,"failureMessages":[],"meta":{}},{"ancestorTitles":["NotificationToggle","default props"],"fullName":"NotificationToggle default props should default checked to false","status":"passed","title":"should default checked to false","duration":8.811999999999898,"failureMessages":[],"meta":{}},{"ancestorTitles":["NotificationToggle","default props"],"fullName":"NotificationToggle default props should default disabled to false","status":"passed","title":"should default disabled to false","duration":8.991700000000492,"failureMessages":[],"meta":{}},{"ancestorTitles":["NotificationToggle","default props"],"fullName":"NotificationToggle default props should default ariaLabel to \"Toggle notification\"","status":"passed","title":"should default ariaLabel to \"Toggle notification\"","duration":10.444700000000012,"failureMessages":[],"meta":{}},{"ancestorTitles":["NotificationToggle","edge cases"],"fullName":"NotificationToggle edge cases should handle undefined checked prop","status":"passed","title":"should handle undefined checked prop","duration":7.886000000000422,"failureMessages":[],"meta":{}},{"ancestorTitles":["NotificationToggle","edge cases"],"fullName":"NotificationToggle edge cases should handle null onChange prop","status":"passed","title":"should handle null onChange prop","duration":67.63100000000031,"failureMessages":[],"meta":{}},{"ancestorTitles":["NotificationToggle","edge cases"],"fullName":"NotificationToggle edge cases should render correctly with both checked and disabled true","status":"passed","title":"should render correctly with both checked and disabled true","duration":9.484099999999671,"failureMessages":[],"meta":{}},{"ancestorTitles":["NotificationToggle","edge cases"],"fullName":"NotificationToggle edge cases should handle very long aria-label","status":"passed","title":"should handle very long aria-label","duration":10.712199999999939,"failureMessages":[],"meta":{}},{"ancestorTitles":["NotificationToggle","combined states"],"fullName":"NotificationToggle combined states should combine checked and not disabled states correctly","status":"passed","title":"should combine checked and not disabled states correctly","duration":2.3265000000001237,"failureMessages":[],"meta":{}},{"ancestorTitles":["NotificationToggle","combined states"],"fullName":"NotificationToggle combined states should combine unchecked and disabled states correctly","status":"passed","title":"should combine unchecked and disabled states correctly","duration":3.0765000000001237,"failureMessages":[],"meta":{}}],"startTime":1771032543444,"endTime":1771032544519.0764,"status":"passed","message":"","name":"C:/Users/igor/OneDrive/Documents/splitlease/app/src/islands/shared/NotificationSettingsIsland/__tests__/NotificationToggle.test.jsx"},{"assertionResults":[{"ancestorTitles":["useNotificationSettings"],"fullName":"useNotificationSettings loads defaults when no row is returned","status":"passed","title":"loads defaults when no row is returned","duration":94.12960000000021,"failureMessages":[],"meta":{}},{"ancestorTitles":["useNotificationSettings"],"fullName":"useNotificationSettings loads and toggles snake_case preference columns","status":"passed","title":"loads and toggles snake_case preference columns","duration":76.04449999999997,"failureMessages":[],"meta":{}},{"ancestorTitles":["useNotificationSettings"],"fullName":"useNotificationSettings surfaces fetch errors","status":"passed","title":"surfaces fetch errors","duration":63.64310000000023,"failureMessages":[],"meta":{}}],"startTime":1771032543642,"endTime":1771032543876.643,"status":"passed","message":"","name":"C:/Users/igor/OneDrive/Documents/splitlease/app/src/islands/shared/NotificationSettingsIsland/__tests__/useNotificationSettings.test.jsx"},{"assertionResults":[{"ancestorTitles":["urgencyCalculations","calculateUrgencyMultiplier"],"fullName":"urgencyCalculations calculateUrgencyMultiplier should return 1.0 at 90 days out","status":"passed","title":"should return 1.0 at 90 days out","duration":1.9236000000000786,"failureMessages":[],"meta":{}},{"ancestorTitles":["urgencyCalculations","calculateUrgencyMultiplier"],"fullName":"urgencyCalculations calculateUrgencyMultiplier should return ~2.2x at 30 days out","status":"passed","title":"should return ~2.2x at 30 days out","duration":0.27480000000014115,"failureMessages":[],"meta":{}},{"ancestorTitles":["urgencyCalculations","calculateUrgencyMultiplier"],"fullName":"urgencyCalculations calculateUrgencyMultiplier should return ~4.5x at 7 days out","status":"passed","title":"should return ~4.5x at 7 days out","duration":0.1906000000003587,"failureMessages":[],"meta":{}},{"ancestorTitles":["urgencyCalculations","calculateUrgencyMultiplier"],"fullName":"urgencyCalculations calculateUrgencyMultiplier should return ~6.4x at 3 days out","status":"passed","title":"should return ~6.4x at 3 days out","duration":0.2596000000003187,"failureMessages":[],"meta":{}},{"ancestorTitles":["urgencyCalculations","calculateUrgencyMultiplier"],"fullName":"urgencyCalculations calculateUrgencyMultiplier should return ~8.8x at 1 day out","status":"passed","title":"should return ~8.8x at 1 day out","duration":0.22200000000020736,"failureMessages":[],"meta":{}},{"ancestorTitles":["urgencyCalculations","calculateUrgencyMultiplier"],"fullName":"urgencyCalculations calculateUrgencyMultiplier should never return below 1.0","status":"passed","title":"should never return below 1.0","duration":0.25880000000006476,"failureMessages":[],"meta":{}},{"ancestorTitles":["urgencyCalculations","calculateUrgencyMultiplier"],"fullName":"urgencyCalculations calculateUrgencyMultiplier should handle edge case of 0 days","status":"passed","title":"should handle edge case of 0 days","duration":0.19849999999996726,"failureMessages":[],"meta":{}},{"ancestorTitles":["urgencyCalculations","calculateUrgencyMultiplier"],"fullName":"urgencyCalculations calculateUrgencyMultiplier should return consistent values regardless of steepness (using lookup table)","status":"passed","title":"should return consistent values regardless of steepness (using lookup table)","duration":0.45260000000007494,"failureMessages":[],"meta":{}},{"ancestorTitles":["urgencyCalculations","calculateUrgentPrice"],"fullName":"urgencyCalculations calculateUrgentPrice should calculate price with urgency multiplier","status":"passed","title":"should calculate price with urgency multiplier","duration":0.43440000000009604,"failureMessages":[],"meta":{}},{"ancestorTitles":["urgencyCalculations","calculateUrgentPrice"],"fullName":"urgencyCalculations calculateUrgentPrice should apply market demand multiplier","status":"passed","title":"should apply market demand multiplier","duration":0.27140000000008513,"failureMessages":[],"meta":{}},{"ancestorTitles":["urgencyCalculations","calculateUrgentPrice"],"fullName":"urgencyCalculations calculateUrgentPrice should round to nearest dollar","status":"passed","title":"should round to nearest dollar","duration":0.22509999999965657,"failureMessages":[],"meta":{}},{"ancestorTitles":["urgencyCalculations","calculateUrgencyPricing"],"fullName":"urgencyCalculations calculateUrgencyPricing should calculate full pricing structure","status":"passed","title":"should calculate full pricing structure","duration":0.8287000000000262,"failureMessages":[],"meta":{}},{"ancestorTitles":["urgencyCalculations","calculateUrgencyPricing"],"fullName":"urgencyCalculations calculateUrgencyPricing should generate appropriate projections","status":"passed","title":"should generate appropriate projections","duration":0.44669999999996435,"failureMessages":[],"meta":{}},{"ancestorTitles":["urgencyCalculations","calculateUrgencyPricing"],"fullName":"urgencyCalculations calculateUrgencyPricing should show increasing prices in projections","status":"passed","title":"should show increasing prices in projections","duration":0.28099999999994907,"failureMessages":[],"meta":{}},{"ancestorTitles":["urgencyCalculations","calculateUrgencyPricing"],"fullName":"urgencyCalculations calculateUrgencyPricing should calculate daily increase rate","status":"passed","title":"should calculate daily increase rate","duration":0.25900000000001455,"failureMessages":[],"meta":{}},{"ancestorTitles":["urgencyCalculations","generatePriceProgression"],"fullName":"urgencyCalculations generatePriceProgression should generate progression for forecast days","status":"passed","title":"should generate progression for forecast days","duration":1.894800000000032,"failureMessages":[],"meta":{}},{"ancestorTitles":["urgencyCalculations","generatePriceProgression"],"fullName":"urgencyCalculations generatePriceProgression should show increasing prices over time","status":"passed","title":"should show increasing prices over time","duration":0.3506999999999607,"failureMessages":[],"meta":{}},{"ancestorTitles":["urgencyCalculations","calculateDailyIncreaseRate"],"fullName":"urgencyCalculations calculateDailyIncreaseRate should calculate positive rate","status":"passed","title":"should calculate positive rate","duration":0.42899999999963256,"failureMessages":[],"meta":{}},{"ancestorTitles":["urgencyCalculations","calculateDailyIncreaseRate"],"fullName":"urgencyCalculations calculateDailyIncreaseRate should return 0 for 1 day or less","status":"passed","title":"should return 0 for 1 day or less","duration":0.2270000000003165,"failureMessages":[],"meta":{}},{"ancestorTitles":["urgencyCalculations","calculateDailyIncreaseRate"],"fullName":"urgencyCalculations calculateDailyIncreaseRate should handle equal prices","status":"passed","title":"should handle equal prices","duration":0.17030000000022483,"failureMessages":[],"meta":{}},{"ancestorTitles":["urgencyCalculations","getUrgencyLevel"],"fullName":"urgencyCalculations getUrgencyLevel should return critical for 0-3 days","status":"passed","title":"should return critical for 0-3 days","duration":0.2417000000000371,"failureMessages":[],"meta":{}},{"ancestorTitles":["urgencyCalculations","getUrgencyLevel"],"fullName":"urgencyCalculations getUrgencyLevel should return high for 4-7 days","status":"passed","title":"should return high for 4-7 days","duration":0.20650000000023283,"failureMessages":[],"meta":{}},{"ancestorTitles":["urgencyCalculations","getUrgencyLevel"],"fullName":"urgencyCalculations getUrgencyLevel should return medium for 8-14 days","status":"passed","title":"should return medium for 8-14 days","duration":0.27289999999993597,"failureMessages":[],"meta":{}},{"ancestorTitles":["urgencyCalculations","getUrgencyLevel"],"fullName":"urgencyCalculations getUrgencyLevel should return low for 15+ days","status":"passed","title":"should return low for 15+ days","duration":0.2925000000000182,"failureMessages":[],"meta":{}},{"ancestorTitles":["urgencyCalculations","getUrgencyMetadata"],"fullName":"urgencyCalculations getUrgencyMetadata should return metadata for each level","status":"passed","title":"should return metadata for each level","duration":0.7901000000001659,"failureMessages":[],"meta":{}},{"ancestorTitles":["urgencyCalculations","getUrgencyMetadata"],"fullName":"urgencyCalculations getUrgencyMetadata should set showCTA for medium and higher","status":"passed","title":"should set showCTA for medium and higher","duration":0.41859999999996944,"failureMessages":[],"meta":{}},{"ancestorTitles":["urgencyCalculations","checkPriceAlerts"],"fullName":"urgencyCalculations checkPriceAlerts should detect 2x milestone","status":"passed","title":"should detect 2x milestone","duration":0.4052000000001499,"failureMessages":[],"meta":{}},{"ancestorTitles":["urgencyCalculations","checkPriceAlerts"],"fullName":"urgencyCalculations checkPriceAlerts should detect critical threshold at 8x","status":"passed","title":"should detect critical threshold at 8x","duration":0.14769999999998618,"failureMessages":[],"meta":{}},{"ancestorTitles":["urgencyCalculations","checkPriceAlerts"],"fullName":"urgencyCalculations checkPriceAlerts should detect significant multiplier increase","status":"passed","title":"should detect significant multiplier increase","duration":0.13830000000007203,"failureMessages":[],"meta":{}},{"ancestorTitles":["urgencyCalculations","formatCurrency"],"fullName":"urgencyCalculations formatCurrency should format without cents by default","status":"passed","title":"should format without cents by default","duration":0.27029999999967913,"failureMessages":[],"meta":{}},{"ancestorTitles":["urgencyCalculations","formatCurrency"],"fullName":"urgencyCalculations formatCurrency should format with cents when requested","status":"passed","title":"should format with cents when requested","duration":0.1329000000000633,"failureMessages":[],"meta":{}},{"ancestorTitles":["urgencyCalculations","formatCurrency"],"fullName":"urgencyCalculations formatCurrency should handle thousands separator","status":"passed","title":"should handle thousands separator","duration":0.09850000000005821,"failureMessages":[],"meta":{}},{"ancestorTitles":["urgencyCalculations","formatPercentage"],"fullName":"urgencyCalculations formatPercentage should format without decimals by default","status":"passed","title":"should format without decimals by default","duration":0.3324000000002343,"failureMessages":[],"meta":{}},{"ancestorTitles":["urgencyCalculations","formatPercentage"],"fullName":"urgencyCalculations formatPercentage should format with specified decimals","status":"passed","title":"should format with specified decimals","duration":0.21489999999994325,"failureMessages":[],"meta":{}},{"ancestorTitles":["urgencyCalculations","validateUrgencyContext"],"fullName":"urgencyCalculations validateUrgencyContext should accept valid context","status":"passed","title":"should accept valid context","duration":1.2757999999998901,"failureMessages":[],"meta":{}},{"ancestorTitles":["urgencyCalculations","validateUrgencyContext"],"fullName":"urgencyCalculations validateUrgencyContext should reject invalid base price","status":"passed","title":"should reject invalid base price","duration":0.309099999999944,"failureMessages":[],"meta":{}},{"ancestorTitles":["urgencyCalculations","validateUrgencyContext"],"fullName":"urgencyCalculations validateUrgencyContext should reject past target date","status":"passed","title":"should reject past target date","duration":0.2972999999997228,"failureMessages":[],"meta":{}}],"startTime":1771032546876,"endTime":1771032546893.2974,"status":"passed","message":"","name":"C:/Users/igor/OneDrive/Documents/splitlease/app/src/islands/shared/UrgencyCountdown/__tests__/urgencyCalculations.test.ts"}]}