{"numTotalTestSuites":4,"numPassedTestSuites":4,"numFailedTestSuites":0,"numPendingTestSuites":0,"numTotalTests":6,"numPassedTests":6,"numFailedTests":0,"numPendingTests":0,"numTodoTests":0,"snapshot":{"added":0,"failure":false,"filesAdded":0,"filesRemoved":0,"filesRemovedList":[],"filesUnmatched":0,"filesUpdated":0,"matched":0,"total":0,"unchecked":0,"uncheckedKeysByFile":[],"unmatched":0,"updated":0,"didUpdate":false},"startTime":1771029412348,"success":true,"testResults":[{"assertionResults":[{"ancestorTitles":["REG-001: FK Constraint Violation on Listing Update","extractChangedFields - the core pattern"],"fullName":"REG-001: FK Constraint Violation on Listing Update extractChangedFields - the core pattern should return empty object when no fields have changed","status":"passed","title":"should return empty object when no fields have changed","duration":0.8600000000000136,"failureMessages":[],"meta":{}},{"ancestorTitles":["REG-001: FK Constraint Violation on Listing Update","extractChangedFields - the core pattern"],"fullName":"REG-001: FK Constraint Violation on Listing Update extractChangedFields - the core pattern should only return fields that have actually changed","status":"passed","title":"should only return fields that have actually changed","duration":0.9410000000000309,"failureMessages":[],"meta":{}},{"ancestorTitles":["REG-001: FK Constraint Violation on Listing Update","extractChangedFields - the core pattern"],"fullName":"REG-001: FK Constraint Violation on Listing Update extractChangedFields - the core pattern should NOT include unchanged FK fields even when they are null","status":"passed","title":"should NOT include unchanged FK fields even when they are null","duration":0.32740000000001146,"failureMessages":[],"meta":{}},{"ancestorTitles":["REG-001: FK Constraint Violation on Listing Update","extractChangedFields - the core pattern"],"fullName":"REG-001: FK Constraint Violation on Listing Update extractChangedFields - the core pattern should correctly handle array field comparisons","status":"passed","title":"should correctly handle array field comparisons","duration":0.2398999999999205,"failureMessages":[],"meta":{}},{"ancestorTitles":["REG-001: FK Constraint Violation on Listing Update","extractChangedFields - the core pattern"],"fullName":"REG-001: FK Constraint Violation on Listing Update extractChangedFields - the core pattern should detect array changes even with same length but different content","status":"passed","title":"should detect array changes even with same length but different content","duration":0.1534000000000333,"failureMessages":[],"meta":{}},{"ancestorTitles":["REG-001: FK Constraint Violation on Listing Update","Integration pattern with listing update"],"fullName":"REG-001: FK Constraint Violation on Listing Update Integration pattern with listing update should demonstrate the correct update pattern","status":"passed","title":"should demonstrate the correct update pattern","duration":0.13559999999995398,"failureMessages":[],"meta":{}}],"startTime":1771029413291,"endTime":1771029413294.24,"status":"passed","message":"","name":"C:/Users/igor/OneDrive/Documents/splitlease/app/src/__tests__/regression/REG-001-fk-constraint-violation.test.js"}]}