{"C:\\Users\\Split Lease\\Documents\\Split Lease - Team\\app\\src\\logic\\calculators\\matching\\calculateBoroughScore.js": {"path":"C:\\Users\\Split Lease\\Documents\\Split Lease - Team\\app\\src\\logic\\calculators\\matching\\calculateBoroughScore.js","statementMap":{"0":{"start":{"line":31,"column":2},"end":{"line":33,"column":null}},"1":{"start":{"line":32,"column":4},"end":{"line":32,"column":null}},"2":{"start":{"line":37,"column":4},"end":{"line":39,"column":8}},"3":{"start":{"line":42,"column":4},"end":{"line":45,"column":8}},"4":{"start":{"line":47,"column":2},"end":{"line":49,"column":null}},"5":{"start":{"line":48,"column":4},"end":{"line":48,"column":null}},"6":{"start":{"line":51,"column":30},"end":{"line":51,"column":67}},"7":{"start":{"line":52,"column":29},"end":{"line":52,"column":65}},"8":{"start":{"line":55,"column":2},"end":{"line":57,"column":null}},"9":{"start":{"line":56,"column":4},"end":{"line":56,"column":null}},"10":{"start":{"line":60,"column":2},"end":{"line":62,"column":null}},"11":{"start":{"line":61,"column":4},"end":{"line":61,"column":null}},"12":{"start":{"line":65,"column":2},"end":{"line":65,"column":null}}},"fnMap":{"0":{"name":"calculateBoroughScore","decl":{"start":{"line":30,"column":16},"end":{"line":30,"column":37}},"loc":{"start":{"line":30,"column":70},"end":{"line":66,"column":null}},"line":30}},"branchMap":{"0":{"loc":{"start":{"line":31,"column":2},"end":{"line":33,"column":null}},"type":"if","locations":[{"start":{"line":31,"column":2},"end":{"line":33,"column":null}},{"start":{},"end":{}}],"line":31},"1":{"loc":{"start":{"line":31,"column":6},"end":{"line":31,"column":36}},"type":"binary-expr","locations":[{"start":{"line":31,"column":6},"end":{"line":31,"column":23}},{"start":{"line":31,"column":27},"end":{"line":31,"column":36}}],"line":31},"2":{"loc":{"start":{"line":37,"column":4},"end":{"line":39,"column":8}},"type":"binary-expr","locations":[{"start":{"line":37,"column":4},"end":{"line":37,"column":32}},{"start":{"line":38,"column":4},"end":{"line":38,"column":42}},{"start":{"line":39,"column":4},"end":{"line":39,"column":8}}],"line":37},"3":{"loc":{"start":{"line":42,"column":4},"end":{"line":45,"column":8}},"type":"binary-expr","locations":[{"start":{"line":42,"column":4},"end":{"line":42,"column":33}},{"start":{"line":43,"column":4},"end":{"line":43,"column":29}},{"start":{"line":44,"column":4},"end":{"line":44,"column":44}},{"start":{"line":45,"column":4},"end":{"line":45,"column":8}}],"line":42},"4":{"loc":{"start":{"line":47,"column":2},"end":{"line":49,"column":null}},"type":"if","locations":[{"start":{"line":47,"column":2},"end":{"line":49,"column":null}},{"start":{},"end":{}}],"line":47},"5":{"loc":{"start":{"line":47,"column":6},"end":{"line":47,"column":43}},"type":"binary-expr","locations":[{"start":{"line":47,"column":6},"end":{"line":47,"column":23}},{"start":{"line":47,"column":27},"end":{"line":47,"column":43}}],"line":47},"6":{"loc":{"start":{"line":55,"column":2},"end":{"line":57,"column":null}},"type":"if","locations":[{"start":{"line":55,"column":2},"end":{"line":57,"column":null}},{"start":{},"end":{}}],"line":55},"7":{"loc":{"start":{"line":60,"column":2},"end":{"line":62,"column":null}},"type":"if","locations":[{"start":{"line":60,"column":2},"end":{"line":62,"column":null}},{"start":{},"end":{}}],"line":60}},"s":{"0":7,"1":1,"2":6,"3":7,"4":7,"5":0,"6":6,"7":6,"8":6,"9":2,"10":4,"11":2,"12":2},"f":{"0":7},"b":{"0":[1,6],"1":[7,6],"2":[6,0,0],"3":[7,0,0,0],"4":[0,7],"5":[7,6],"6":[2,4],"7":[2,2]},"meta":{"lastBranch":8,"lastFunction":1,"lastStatement":13,"seen":{"f:30:16:30:37":0,"b:31:2:33:Infinity:undefined:undefined:undefined:undefined":0,"s:31:2:33:Infinity":0,"b:31:6:31:23:31:27:31:36":1,"s:32:4:32:Infinity":1,"s:37:4:39:8":2,"b:37:4:37:32:38:4:38:42:39:4:39:8":2,"s:42:4:45:8":3,"b:42:4:42:33:43:4:43:29:44:4:44:44:45:4:45:8":3,"b:47:2:49:Infinity:undefined:undefined:undefined:undefined":4,"s:47:2:49:Infinity":4,"b:47:6:47:23:47:27:47:43":5,"s:48:4:48:Infinity":5,"s:51:30:51:67":6,"s:52:29:52:65":7,"b:55:2:57:Infinity:undefined:undefined:undefined:undefined":6,"s:55:2:57:Infinity":8,"s:56:4:56:Infinity":9,"b:60:2:62:Infinity:undefined:undefined:undefined:undefined":7,"s:60:2:62:Infinity":10,"s:61:4:61:Infinity":11,"s:65:2:65:Infinity":12}}}
,"C:\\Users\\Split Lease\\Documents\\Split Lease - Team\\app\\src\\logic\\calculators\\matching\\calculateDurationScore.js": {"path":"C:\\Users\\Split Lease\\Documents\\Split Lease - Team\\app\\src\\logic\\calculators\\matching\\calculateDurationScore.js","statementMap":{"0":{"start":{"line":31,"column":2},"end":{"line":33,"column":null}},"1":{"start":{"line":32,"column":4},"end":{"line":32,"column":null}},"2":{"start":{"line":35,"column":17},"end":{"line":38,"column":4}},"3":{"start":{"line":40,"column":2},"end":{"line":40,"column":null}}},"fnMap":{"0":{"name":"calculateDurationScore","decl":{"start":{"line":30,"column":16},"end":{"line":30,"column":38}},"loc":{"start":{"line":30,"column":71},"end":{"line":41,"column":null}},"line":30}},"branchMap":{"0":{"loc":{"start":{"line":31,"column":2},"end":{"line":33,"column":null}},"type":"if","locations":[{"start":{"line":31,"column":2},"end":{"line":33,"column":null}},{"start":{},"end":{}}],"line":31},"1":{"loc":{"start":{"line":31,"column":6},"end":{"line":31,"column":36}},"type":"binary-expr","locations":[{"start":{"line":31,"column":6},"end":{"line":31,"column":23}},{"start":{"line":31,"column":27},"end":{"line":31,"column":36}}],"line":31},"2":{"loc":{"start":{"line":40,"column":9},"end":{"line":40,"column":45}},"type":"cond-expr","locations":[{"start":{"line":40,"column":19},"end":{"line":40,"column":41}},{"start":{"line":40,"column":44},"end":{"line":40,"column":45}}],"line":40}},"s":{"0":6,"1":1,"2":5,"3":5},"f":{"0":6},"b":{"0":[1,5],"1":[6,5],"2":[2,3]},"meta":{"lastBranch":3,"lastFunction":1,"lastStatement":4,"seen":{"f:30:16:30:38":0,"b:31:2:33:Infinity:undefined:undefined:undefined:undefined":0,"s:31:2:33:Infinity":0,"b:31:6:31:23:31:27:31:36":1,"s:32:4:32:Infinity":1,"s:35:17:38:4":2,"s:40:2:40:Infinity":3,"b:40:19:40:41:40:44:40:45":2}}}
,"C:\\Users\\Split Lease\\Documents\\Split Lease - Team\\app\\src\\logic\\calculators\\matching\\calculateHostScore.js": {"path":"C:\\Users\\Split Lease\\Documents\\Split Lease - Team\\app\\src\\logic\\calculators\\matching\\calculateHostScore.js","statementMap":{"0":{"start":{"line":38,"column":2},"end":{"line":40,"column":null}},"1":{"start":{"line":39,"column":4},"end":{"line":39,"column":null}},"2":{"start":{"line":42,"column":27},"end":{"line":42,"column":70}},"3":{"start":{"line":45,"column":2},"end":{"line":54,"column":null}},"4":{"start":{"line":47,"column":6},"end":{"line":47,"column":32}},"5":{"start":{"line":49,"column":6},"end":{"line":49,"column":null}},"6":{"start":{"line":51,"column":6},"end":{"line":51,"column":null}},"7":{"start":{"line":53,"column":6},"end":{"line":53,"column":null}}},"fnMap":{"0":{"name":"calculateHostScore","decl":{"start":{"line":37,"column":16},"end":{"line":37,"column":34}},"loc":{"start":{"line":37,"column":49},"end":{"line":55,"column":null}},"line":37}},"branchMap":{"0":{"loc":{"start":{"line":38,"column":2},"end":{"line":40,"column":null}},"type":"if","locations":[{"start":{"line":38,"column":2},"end":{"line":40,"column":null}},{"start":{},"end":{}}],"line":38},"1":{"loc":{"start":{"line":45,"column":2},"end":{"line":54,"column":null}},"type":"switch","locations":[{"start":{"line":46,"column":4},"end":{"line":47,"column":32}},{"start":{"line":48,"column":4},"end":{"line":49,"column":null}},{"start":{"line":50,"column":4},"end":{"line":51,"column":null}},{"start":{"line":52,"column":4},"end":{"line":53,"column":null}}],"line":45}},"s":{"0":8,"1":1,"2":7,"3":7,"4":2,"5":1,"6":2,"7":2},"f":{"0":8},"b":{"0":[1,7],"1":[2,1,2,2]},"meta":{"lastBranch":2,"lastFunction":1,"lastStatement":8,"seen":{"f:37:16:37:34":0,"b:38:2:40:Infinity:undefined:undefined:undefined:undefined":0,"s:38:2:40:Infinity":0,"s:39:4:39:Infinity":1,"s:42:27:42:70":2,"b:46:4:47:32:48:4:49:Infinity:50:4:51:Infinity:52:4:53:Infinity":1,"s:45:2:54:Infinity":3,"s:47:6:47:32":4,"s:49:6:49:Infinity":5,"s:51:6:51:Infinity":6,"s:53:6:53:Infinity":7}}}
,"C:\\Users\\Split Lease\\Documents\\Split Lease - Team\\app\\src\\logic\\calculators\\matching\\calculateMatchScore.js": {"path":"C:\\Users\\Split Lease\\Documents\\Split Lease - Team\\app\\src\\logic\\calculators\\matching\\calculateMatchScore.js","statementMap":{"0":{"start":{"line":59,"column":17},"end":{"line":67,"column":3}},"1":{"start":{"line":70,"column":21},"end":{"line":70,"column":81}},"2":{"start":{"line":70,"column":66},"end":{"line":70,"column":77}},"3":{"start":{"line":72,"column":2},"end":{"line":76,"column":null}}},"fnMap":{"0":{"name":"calculateMatchScore","decl":{"start":{"line":57,"column":16},"end":{"line":57,"column":35}},"loc":{"start":{"line":57,"column":78},"end":{"line":77,"column":null}},"line":57},"1":{"name":"(anonymous_1)","decl":{"start":{"line":70,"column":50},"end":{"line":70,"column":51}},"loc":{"start":{"line":70,"column":66},"end":{"line":70,"column":77}},"line":70}},"branchMap":{},"s":{"0":4,"1":4,"2":28,"3":4},"f":{"0":4,"1":28},"b":{},"meta":{"lastBranch":0,"lastFunction":2,"lastStatement":4,"seen":{"f:57:16:57:35":0,"s:59:17:67:3":0,"s:70:21:70:81":1,"f:70:50:70:51":1,"s:70:66:70:77":2,"s:72:2:76:Infinity":3}}}
,"C:\\Users\\Split Lease\\Documents\\Split Lease - Team\\app\\src\\logic\\calculators\\matching\\calculatePriceProximity.js": {"path":"C:\\Users\\Split Lease\\Documents\\Split Lease - Team\\app\\src\\logic\\calculators\\matching\\calculatePriceProximity.js","statementMap":{"0":{"start":{"line":31,"column":2},"end":{"line":35,"column":null}},"1":{"start":{"line":32,"column":4},"end":{"line":34,"column":null}},"2":{"start":{"line":37,"column":2},"end":{"line":41,"column":null}},"3":{"start":{"line":38,"column":4},"end":{"line":40,"column":null}},"4":{"start":{"line":44,"column":2},"end":{"line":48,"column":null}},"5":{"start":{"line":45,"column":4},"end":{"line":47,"column":null}},"6":{"start":{"line":50,"column":2},"end":{"line":54,"column":null}},"7":{"start":{"line":51,"column":4},"end":{"line":53,"column":null}},"8":{"start":{"line":56,"column":26},"end":{"line":56,"column":78}},"9":{"start":{"line":57,"column":25},"end":{"line":57,"column":62}},"10":{"start":{"line":59,"column":2},"end":{"line":59,"column":null}}},"fnMap":{"0":{"name":"calculatePriceProximity","decl":{"start":{"line":29,"column":16},"end":{"line":29,"column":39}},"loc":{"start":{"line":29,"column":87},"end":{"line":60,"column":null}},"line":29}},"branchMap":{"0":{"loc":{"start":{"line":31,"column":2},"end":{"line":35,"column":null}},"type":"if","locations":[{"start":{"line":31,"column":2},"end":{"line":35,"column":null}},{"start":{},"end":{}}],"line":31},"1":{"loc":{"start":{"line":31,"column":6},"end":{"line":31,"column":75}},"type":"binary-expr","locations":[{"start":{"line":31,"column":6},"end":{"line":31,"column":45}},{"start":{"line":31,"column":49},"end":{"line":31,"column":75}}],"line":31},"2":{"loc":{"start":{"line":37,"column":2},"end":{"line":41,"column":null}},"type":"if","locations":[{"start":{"line":37,"column":2},"end":{"line":41,"column":null}},{"start":{},"end":{}}],"line":37},"3":{"loc":{"start":{"line":44,"column":2},"end":{"line":48,"column":null}},"type":"if","locations":[{"start":{"line":44,"column":2},"end":{"line":48,"column":null}},{"start":{},"end":{}}],"line":44},"4":{"loc":{"start":{"line":44,"column":6},"end":{"line":44,"column":77}},"type":"binary-expr","locations":[{"start":{"line":44,"column":6},"end":{"line":44,"column":46}},{"start":{"line":44,"column":50},"end":{"line":44,"column":77}}],"line":44},"5":{"loc":{"start":{"line":50,"column":2},"end":{"line":54,"column":null}},"type":"if","locations":[{"start":{"line":50,"column":2},"end":{"line":54,"column":null}},{"start":{},"end":{}}],"line":50}},"s":{"0":11,"1":0,"2":11,"3":1,"4":10,"5":0,"6":10,"7":0,"8":10,"9":10,"10":10},"f":{"0":11},"b":{"0":[0,11],"1":[11,11],"2":[1,10],"3":[0,10],"4":[10,10],"5":[0,10]},"meta":{"lastBranch":6,"lastFunction":1,"lastStatement":11,"seen":{"f:29:16:29:39":0,"b:31:2:35:Infinity:undefined:undefined:undefined:undefined":0,"s:31:2:35:Infinity":0,"b:31:6:31:45:31:49:31:75":1,"s:32:4:34:Infinity":1,"b:37:2:41:Infinity:undefined:undefined:undefined:undefined":2,"s:37:2:41:Infinity":2,"s:38:4:40:Infinity":3,"b:44:2:48:Infinity:undefined:undefined:undefined:undefined":3,"s:44:2:48:Infinity":4,"b:44:6:44:46:44:50:44:77":4,"s:45:4:47:Infinity":5,"b:50:2:54:Infinity:undefined:undefined:undefined:undefined":5,"s:50:2:54:Infinity":6,"s:51:4:53:Infinity":7,"s:56:26:56:78":8,"s:57:25:57:62":9,"s:59:2:59:Infinity":10}}}
,"C:\\Users\\Split Lease\\Documents\\Split Lease - Team\\app\\src\\logic\\calculators\\matching\\calculatePriceScore.js": {"path":"C:\\Users\\Split Lease\\Documents\\Split Lease - Team\\app\\src\\logic\\calculators\\matching\\calculatePriceScore.js","statementMap":{"0":{"start":{"line":28,"column":2},"end":{"line":30,"column":null}},"1":{"start":{"line":29,"column":4},"end":{"line":29,"column":null}},"2":{"start":{"line":34,"column":4},"end":{"line":36,"column":5}},"3":{"start":{"line":39,"column":30},"end":{"line":39,"column":51}},"4":{"start":{"line":41,"column":2},"end":{"line":43,"column":null}},"5":{"start":{"line":42,"column":4},"end":{"line":42,"column":null}},"6":{"start":{"line":47,"column":2},"end":{"line":55,"column":null}},"7":{"start":{"line":48,"column":4},"end":{"line":51,"column":null}},"8":{"start":{"line":54,"column":4},"end":{"line":54,"column":null}},"9":{"start":{"line":57,"column":2},"end":{"line":59,"column":null}},"10":{"start":{"line":58,"column":4},"end":{"line":58,"column":null}},"11":{"start":{"line":63,"column":2},"end":{"line":70,"column":null}},"12":{"start":{"line":64,"column":4},"end":{"line":67,"column":null}},"13":{"start":{"line":69,"column":4},"end":{"line":69,"column":null}},"14":{"start":{"line":73,"column":2},"end":{"line":75,"column":null}},"15":{"start":{"line":74,"column":4},"end":{"line":74,"column":31}},"16":{"start":{"line":77,"column":2},"end":{"line":79,"column":null}},"17":{"start":{"line":78,"column":4},"end":{"line":78,"column":null}},"18":{"start":{"line":81,"column":2},"end":{"line":83,"column":null}},"19":{"start":{"line":82,"column":4},"end":{"line":82,"column":null}},"20":{"start":{"line":85,"column":2},"end":{"line":87,"column":null}},"21":{"start":{"line":86,"column":4},"end":{"line":86,"column":null}},"22":{"start":{"line":89,"column":2},"end":{"line":89,"column":null}}},"fnMap":{"0":{"name":"calculatePriceScore","decl":{"start":{"line":27,"column":16},"end":{"line":27,"column":35}},"loc":{"start":{"line":27,"column":68},"end":{"line":90,"column":null}},"line":27}},"branchMap":{"0":{"loc":{"start":{"line":28,"column":2},"end":{"line":30,"column":null}},"type":"if","locations":[{"start":{"line":28,"column":2},"end":{"line":30,"column":null}},{"start":{},"end":{}}],"line":28},"1":{"loc":{"start":{"line":28,"column":6},"end":{"line":28,"column":36}},"type":"binary-expr","locations":[{"start":{"line":28,"column":6},"end":{"line":28,"column":23}},{"start":{"line":28,"column":27},"end":{"line":28,"column":36}}],"line":28},"2":{"loc":{"start":{"line":34,"column":4},"end":{"line":36,"column":5}},"type":"binary-expr","locations":[{"start":{"line":34,"column":4},"end":{"line":34,"column":26}},{"start":{"line":35,"column":4},"end":{"line":35,"column":33}},{"start":{"line":36,"column":4},"end":{"line":36,"column":5}}],"line":34},"3":{"loc":{"start":{"line":41,"column":2},"end":{"line":43,"column":null}},"type":"if","locations":[{"start":{"line":41,"column":2},"end":{"line":43,"column":null}},{"start":{},"end":{}}],"line":41},"4":{"loc":{"start":{"line":41,"column":6},"end":{"line":41,"column":54}},"type":"binary-expr","locations":[{"start":{"line":41,"column":6},"end":{"line":41,"column":26}},{"start":{"line":41,"column":30},"end":{"line":41,"column":54}}],"line":41},"5":{"loc":{"start":{"line":57,"column":2},"end":{"line":59,"column":null}},"type":"if","locations":[{"start":{"line":57,"column":2},"end":{"line":59,"column":null}},{"start":{},"end":{}}],"line":57},"6":{"loc":{"start":{"line":57,"column":6},"end":{"line":57,"column":56}},"type":"binary-expr","locations":[{"start":{"line":57,"column":6},"end":{"line":57,"column":27}},{"start":{"line":57,"column":31},"end":{"line":57,"column":56}}],"line":57},"7":{"loc":{"start":{"line":73,"column":2},"end":{"line":75,"column":null}},"type":"if","locations":[{"start":{"line":73,"column":2},"end":{"line":75,"column":null}},{"start":{},"end":{}}],"line":73},"8":{"loc":{"start":{"line":77,"column":2},"end":{"line":79,"column":null}},"type":"if","locations":[{"start":{"line":77,"column":2},"end":{"line":79,"column":null}},{"start":{},"end":{}}],"line":77},"9":{"loc":{"start":{"line":81,"column":2},"end":{"line":83,"column":null}},"type":"if","locations":[{"start":{"line":81,"column":2},"end":{"line":83,"column":null}},{"start":{},"end":{}}],"line":81},"10":{"loc":{"start":{"line":85,"column":2},"end":{"line":87,"column":null}},"type":"if","locations":[{"start":{"line":85,"column":2},"end":{"line":87,"column":null}},{"start":{},"end":{}}],"line":85}},"s":{"0":8,"1":1,"2":7,"3":8,"4":8,"5":0,"6":7,"7":7,"8":0,"9":7,"10":0,"11":7,"12":7,"13":0,"14":7,"15":2,"16":5,"17":1,"18":4,"19":2,"20":2,"21":1,"22":1},"f":{"0":8},"b":{"0":[1,7],"1":[8,7],"2":[7,0,0],"3":[0,8],"4":[8,7],"5":[0,7],"6":[7,7],"7":[2,5],"8":[1,4],"9":[2,2],"10":[1,1]},"meta":{"lastBranch":11,"lastFunction":1,"lastStatement":23,"seen":{"f:27:16:27:35":0,"b:28:2:30:Infinity:undefined:undefined:undefined:undefined":0,"s:28:2:30:Infinity":0,"b:28:6:28:23:28:27:28:36":1,"s:29:4:29:Infinity":1,"s:34:4:36:5":2,"b:34:4:34:26:35:4:35:33:36:4:36:5":2,"s:39:30:39:51":3,"b:41:2:43:Infinity:undefined:undefined:undefined:undefined":3,"s:41:2:43:Infinity":4,"b:41:6:41:26:41:30:41:54":4,"s:42:4:42:Infinity":5,"s:47:2:55:Infinity":6,"s:48:4:51:Infinity":7,"s:54:4:54:Infinity":8,"b:57:2:59:Infinity:undefined:undefined:undefined:undefined":5,"s:57:2:59:Infinity":9,"b:57:6:57:27:57:31:57:56":6,"s:58:4:58:Infinity":10,"s:63:2:70:Infinity":11,"s:64:4:67:Infinity":12,"s:69:4:69:Infinity":13,"b:73:2:75:Infinity:undefined:undefined:undefined:undefined":7,"s:73:2:75:Infinity":14,"s:74:4:74:31":15,"b:77:2:79:Infinity:undefined:undefined:undefined:undefined":8,"s:77:2:79:Infinity":16,"s:78:4:78:Infinity":17,"b:81:2:83:Infinity:undefined:undefined:undefined:undefined":9,"s:81:2:83:Infinity":18,"s:82:4:82:Infinity":19,"b:85:2:87:Infinity:undefined:undefined:undefined:undefined":10,"s:85:2:87:Infinity":20,"s:86:4:86:Infinity":21,"s:89:2:89:Infinity":22}}}
,"C:\\Users\\Split Lease\\Documents\\Split Lease - Team\\app\\src\\logic\\calculators\\matching\\calculateScheduleOverlapScore.js": {"path":"C:\\Users\\Split Lease\\Documents\\Split Lease - Team\\app\\src\\logic\\calculators\\matching\\calculateScheduleOverlapScore.js","statementMap":{"0":{"start":{"line":32,"column":2},"end":{"line":34,"column":null}},"1":{"start":{"line":33,"column":4},"end":{"line":33,"column":null}},"2":{"start":{"line":36,"column":52},"end":{"line":39,"column":4}},"3":{"start":{"line":41,"column":2},"end":{"line":43,"column":null}},"4":{"start":{"line":42,"column":4},"end":{"line":42,"column":null}},"5":{"start":{"line":46,"column":23},"end":{"line":46,"column":50}},"6":{"start":{"line":49,"column":16},"end":{"line":49,"column":65}},"7":{"start":{"line":51,"column":2},"end":{"line":51,"column":null}}},"fnMap":{"0":{"name":"calculateScheduleOverlapScore","decl":{"start":{"line":31,"column":16},"end":{"line":31,"column":45}},"loc":{"start":{"line":31,"column":78},"end":{"line":52,"column":null}},"line":31}},"branchMap":{"0":{"loc":{"start":{"line":32,"column":2},"end":{"line":34,"column":null}},"type":"if","locations":[{"start":{"line":32,"column":2},"end":{"line":34,"column":null}},{"start":{},"end":{}}],"line":32},"1":{"loc":{"start":{"line":32,"column":6},"end":{"line":32,"column":36}},"type":"binary-expr","locations":[{"start":{"line":32,"column":6},"end":{"line":32,"column":23}},{"start":{"line":32,"column":27},"end":{"line":32,"column":36}}],"line":32},"2":{"loc":{"start":{"line":41,"column":2},"end":{"line":43,"column":null}},"type":"if","locations":[{"start":{"line":41,"column":2},"end":{"line":43,"column":null}},{"start":{},"end":{}}],"line":41},"3":{"loc":{"start":{"line":41,"column":6},"end":{"line":41,"column":40}},"type":"binary-expr","locations":[{"start":{"line":41,"column":6},"end":{"line":41,"column":17}},{"start":{"line":41,"column":21},"end":{"line":41,"column":40}}],"line":41}},"s":{"0":7,"1":1,"2":6,"3":6,"4":1,"5":5,"6":5,"7":5},"f":{"0":7},"b":{"0":[1,6],"1":[7,6],"2":[1,5],"3":[6,5]},"meta":{"lastBranch":4,"lastFunction":1,"lastStatement":8,"seen":{"f:31:16:31:45":0,"b:32:2:34:Infinity:undefined:undefined:undefined:undefined":0,"s:32:2:34:Infinity":0,"b:32:6:32:23:32:27:32:36":1,"s:33:4:33:Infinity":1,"s:36:52:39:4":2,"b:41:2:43:Infinity:undefined:undefined:undefined:undefined":2,"s:41:2:43:Infinity":3,"b:41:6:41:17:41:21:41:40":3,"s:42:4:42:Infinity":4,"s:46:23:46:50":5,"s:49:16:49:65":6,"s:51:2:51:Infinity":7}}}
,"C:\\Users\\Split Lease\\Documents\\Split Lease - Team\\app\\src\\logic\\calculators\\matching\\calculateWeeklyStayScore.js": {"path":"C:\\Users\\Split Lease\\Documents\\Split Lease - Team\\app\\src\\logic\\calculators\\matching\\calculateWeeklyStayScore.js","statementMap":{"0":{"start":{"line":34,"column":2},"end":{"line":36,"column":null}},"1":{"start":{"line":35,"column":4},"end":{"line":35,"column":null}},"2":{"start":{"line":38,"column":18},"end":{"line":38,"column":69}},"3":{"start":{"line":40,"column":2},"end":{"line":40,"column":null}}},"fnMap":{"0":{"name":"calculateWeeklyStayScore","decl":{"start":{"line":33,"column":16},"end":{"line":33,"column":40}},"loc":{"start":{"line":33,"column":63},"end":{"line":41,"column":null}},"line":33}},"branchMap":{"0":{"loc":{"start":{"line":34,"column":2},"end":{"line":36,"column":null}},"type":"if","locations":[{"start":{"line":34,"column":2},"end":{"line":36,"column":null}},{"start":{},"end":{}}],"line":34},"1":{"loc":{"start":{"line":40,"column":9},"end":{"line":40,"column":49}},"type":"cond-expr","locations":[{"start":{"line":40,"column":20},"end":{"line":40,"column":45}},{"start":{"line":40,"column":48},"end":{"line":40,"column":49}}],"line":40}},"s":{"0":6,"1":1,"2":5,"3":5},"f":{"0":6},"b":{"0":[1,5],"1":[2,3]},"meta":{"lastBranch":2,"lastFunction":1,"lastStatement":4,"seen":{"f:33:16:33:40":0,"b:34:2:36:Infinity:undefined:undefined:undefined:undefined":0,"s:34:2:36:Infinity":0,"s:35:4:35:Infinity":1,"s:38:18:38:69":2,"s:40:2:40:Infinity":3,"b:40:20:40:45:40:48:40:49":1}}}
,"C:\\Users\\Split Lease\\Documents\\Split Lease - Team\\app\\src\\logic\\calculators\\matching\\constants.js": {"path":"C:\\Users\\Split Lease\\Documents\\Split Lease - Team\\app\\src\\logic\\calculators\\matching\\constants.js","statementMap":{"0":{"start":{"line":14,"column":29},"end":{"line":22,"column":1}},"1":{"start":{"line":28,"column":37},"end":{"line":34,"column":1}},"2":{"start":{"line":40,"column":27},"end":{"line":44,"column":1}},"3":{"start":{"line":50,"column":32},"end":{"line":55,"column":1}},"4":{"start":{"line":60,"column":38},"end":{"line":60,"column":39}},"5":{"start":{"line":65,"column":34},"end":{"line":65,"column":36}},"6":{"start":{"line":70,"column":27},"end":{"line":75,"column":1}}},"fnMap":{},"branchMap":{},"s":{"0":1,"1":1,"2":1,"3":1,"4":1,"5":1,"6":1},"f":{},"b":{},"meta":{"lastBranch":0,"lastFunction":0,"lastStatement":7,"seen":{"s:14:29:22:1":0,"s:28:37:34:1":1,"s:40:27:44:1":2,"s:50:32:55:1":3,"s:60:38:60:39":4,"s:65:34:65:36":5,"s:70:27:75:1":6}}}
,"C:\\Users\\Split Lease\\Documents\\Split Lease - Team\\app\\src\\logic\\calculators\\pricing\\getNightlyRateByFrequency.js": {"path":"C:\\Users\\Split Lease\\Documents\\Split Lease - Team\\app\\src\\logic\\calculators\\pricing\\getNightlyRateByFrequency.js","statementMap":{"0":{"start":{"line":28,"column":2},"end":{"line":32,"column":null}},"1":{"start":{"line":29,"column":4},"end":{"line":31,"column":null}},"2":{"start":{"line":35,"column":2},"end":{"line":39,"column":null}},"3":{"start":{"line":36,"column":4},"end":{"line":38,"column":null}},"4":{"start":{"line":41,"column":2},"end":{"line":45,"column":null}},"5":{"start":{"line":42,"column":4},"end":{"line":44,"column":null}},"6":{"start":{"line":48,"column":2},"end":{"line":56,"column":null}},"7":{"start":{"line":49,"column":26},"end":{"line":49,"column":null}},"8":{"start":{"line":50,"column":4},"end":{"line":54,"column":null}},"9":{"start":{"line":51,"column":6},"end":{"line":53,"column":null}},"10":{"start":{"line":55,"column":4},"end":{"line":55,"column":null}},"11":{"start":{"line":59,"column":24},"end":{"line":67,"column":null}},"12":{"start":{"line":69,"column":20},"end":{"line":69,"column":null}},"13":{"start":{"line":72,"column":2},"end":{"line":76,"column":null}},"14":{"start":{"line":73,"column":4},"end":{"line":75,"column":null}},"15":{"start":{"line":78,"column":15},"end":{"line":78,"column":null}},"16":{"start":{"line":80,"column":2},"end":{"line":84,"column":null}},"17":{"start":{"line":81,"column":4},"end":{"line":83,"column":null}},"18":{"start":{"line":86,"column":2},"end":{"line":86,"column":null}}},"fnMap":{"0":{"name":"getNightlyRateByFrequency","decl":{"start":{"line":26,"column":16},"end":{"line":26,"column":41}},"loc":{"start":{"line":26,"column":71},"end":{"line":87,"column":null}},"line":26}},"branchMap":{"0":{"loc":{"start":{"line":28,"column":2},"end":{"line":32,"column":null}},"type":"if","locations":[{"start":{"line":28,"column":2},"end":{"line":32,"column":null}},{"start":{},"end":{}}],"line":28},"1":{"loc":{"start":{"line":28,"column":6},"end":{"line":28,"column":45}},"type":"binary-expr","locations":[{"start":{"line":28,"column":6},"end":{"line":28,"column":14}},{"start":{"line":28,"column":18},"end":{"line":28,"column":45}}],"line":28},"2":{"loc":{"start":{"line":35,"column":2},"end":{"line":39,"column":null}},"type":"if","locations":[{"start":{"line":35,"column":2},"end":{"line":39,"column":null}},{"start":{},"end":{}}],"line":35},"3":{"loc":{"start":{"line":35,"column":6},"end":{"line":35,"column":65}},"type":"binary-expr","locations":[{"start":{"line":35,"column":6},"end":{"line":35,"column":40}},{"start":{"line":35,"column":44},"end":{"line":35,"column":65}}],"line":35},"4":{"loc":{"start":{"line":41,"column":2},"end":{"line":45,"column":null}},"type":"if","locations":[{"start":{"line":41,"column":2},"end":{"line":45,"column":null}},{"start":{},"end":{}}],"line":41},"5":{"loc":{"start":{"line":41,"column":6},"end":{"line":41,"column":46}},"type":"binary-expr","locations":[{"start":{"line":41,"column":6},"end":{"line":41,"column":24}},{"start":{"line":41,"column":28},"end":{"line":41,"column":46}}],"line":41},"6":{"loc":{"start":{"line":48,"column":2},"end":{"line":56,"column":null}},"type":"if","locations":[{"start":{"line":48,"column":2},"end":{"line":56,"column":null}},{"start":{},"end":{}}],"line":48},"7":{"loc":{"start":{"line":50,"column":4},"end":{"line":54,"column":null}},"type":"if","locations":[{"start":{"line":50,"column":4},"end":{"line":54,"column":null}},{"start":{},"end":{}}],"line":50},"8":{"loc":{"start":{"line":50,"column":8},"end":{"line":50,"column":49}},"type":"binary-expr","locations":[{"start":{"line":50,"column":8},"end":{"line":50,"column":28}},{"start":{"line":50,"column":32},"end":{"line":50,"column":49}}],"line":50},"9":{"loc":{"start":{"line":72,"column":2},"end":{"line":76,"column":null}},"type":"if","locations":[{"start":{"line":72,"column":2},"end":{"line":76,"column":null}},{"start":{},"end":{}}],"line":72},"10":{"loc":{"start":{"line":72,"column":6},"end":{"line":72,"column":39}},"type":"binary-expr","locations":[{"start":{"line":72,"column":6},"end":{"line":72,"column":16}},{"start":{"line":72,"column":20},"end":{"line":72,"column":39}}],"line":72},"11":{"loc":{"start":{"line":80,"column":2},"end":{"line":84,"column":null}},"type":"if","locations":[{"start":{"line":80,"column":2},"end":{"line":84,"column":null}},{"start":{},"end":{}}],"line":80},"12":{"loc":{"start":{"line":80,"column":6},"end":{"line":80,"column":29}},"type":"binary-expr","locations":[{"start":{"line":80,"column":6},"end":{"line":80,"column":17}},{"start":{"line":80,"column":21},"end":{"line":80,"column":29}}],"line":80}},"s":{"0":7,"1":0,"2":7,"3":0,"4":7,"5":0,"6":7,"7":0,"8":0,"9":0,"10":0,"11":7,"12":7,"13":7,"14":0,"15":7,"16":7,"17":0,"18":7},"f":{"0":7},"b":{"0":[0,7],"1":[7,7],"2":[0,7],"3":[7,7],"4":[0,7],"5":[7,7],"6":[0,7],"7":[0,0],"8":[0,0],"9":[0,7],"10":[7,7],"11":[0,7],"12":[7,7]},"meta":{"lastBranch":13,"lastFunction":1,"lastStatement":19,"seen":{"f:26:16:26:41":0,"b:28:2:32:Infinity:undefined:undefined:undefined:undefined":0,"s:28:2:32:Infinity":0,"b:28:6:28:14:28:18:28:45":1,"s:29:4:31:Infinity":1,"b:35:2:39:Infinity:undefined:undefined:undefined:undefined":2,"s:35:2:39:Infinity":2,"b:35:6:35:40:35:44:35:65":3,"s:36:4:38:Infinity":3,"b:41:2:45:Infinity:undefined:undefined:undefined:undefined":4,"s:41:2:45:Infinity":4,"b:41:6:41:24:41:28:41:46":5,"s:42:4:44:Infinity":5,"b:48:2:56:Infinity:undefined:undefined:undefined:undefined":6,"s:48:2:56:Infinity":6,"s:49:26:49:Infinity":7,"b:50:4:54:Infinity:undefined:undefined:undefined:undefined":7,"s:50:4:54:Infinity":8,"b:50:8:50:28:50:32:50:49":8,"s:51:6:53:Infinity":9,"s:55:4:55:Infinity":10,"s:59:24:67:Infinity":11,"s:69:20:69:Infinity":12,"b:72:2:76:Infinity:undefined:undefined:undefined:undefined":9,"s:72:2:76:Infinity":13,"b:72:6:72:16:72:20:72:39":10,"s:73:4:75:Infinity":14,"s:78:15:78:Infinity":15,"b:80:2:84:Infinity:undefined:undefined:undefined:undefined":11,"s:80:2:84:Infinity":16,"b:80:6:80:17:80:21:80:29":12,"s:81:4:83:Infinity":17,"s:86:2:86:Infinity":18}}}
,"C:\\Users\\Split Lease\\Documents\\Split Lease - Team\\app\\src\\logic\\rules\\matching\\hasScheduleCompatibility.js": {"path":"C:\\Users\\Split Lease\\Documents\\Split Lease - Team\\app\\src\\logic\\rules\\matching\\hasScheduleCompatibility.js","statementMap":{"0":{"start":{"line":29,"column":26},"end":{"line":29,"column":81}},"1":{"start":{"line":31,"column":2},"end":{"line":33,"column":null}},"2":{"start":{"line":32,"column":4},"end":{"line":32,"column":null}},"3":{"start":{"line":36,"column":22},"end":{"line":36,"column":71}},"4":{"start":{"line":39,"column":23},"end":{"line":39,"column":50}},"5":{"start":{"line":42,"column":2},"end":{"line":44,"column":null}},"6":{"start":{"line":43,"column":4},"end":{"line":43,"column":null}},"7":{"start":{"line":46,"column":24},"end":{"line":46,"column":43}},"8":{"start":{"line":48,"column":2},"end":{"line":50,"column":null}},"9":{"start":{"line":49,"column":4},"end":{"line":49,"column":null}},"10":{"start":{"line":53,"column":24},"end":{"line":53,"column":44}},"11":{"start":{"line":56,"column":22},"end":{"line":56,"column":79}},"12":{"start":{"line":56,"column":49},"end":{"line":56,"column":71}},"13":{"start":{"line":59,"column":21},"end":{"line":59,"column":36}},"14":{"start":{"line":61,"column":2},"end":{"line":65,"column":null}}},"fnMap":{"0":{"name":"hasScheduleCompatibility","decl":{"start":{"line":27,"column":16},"end":{"line":27,"column":40}},"loc":{"start":{"line":27,"column":73},"end":{"line":66,"column":null}},"line":27},"1":{"name":"(anonymous_1)","decl":{"start":{"line":56,"column":42},"end":{"line":56,"column":45}},"loc":{"start":{"line":56,"column":49},"end":{"line":56,"column":71}},"line":56}},"branchMap":{"0":{"loc":{"start":{"line":31,"column":2},"end":{"line":33,"column":null}},"type":"if","locations":[{"start":{"line":31,"column":2},"end":{"line":33,"column":null}},{"start":{},"end":{}}],"line":31},"1":{"loc":{"start":{"line":31,"column":6},"end":{"line":31,"column":36}},"type":"binary-expr","locations":[{"start":{"line":31,"column":6},"end":{"line":31,"column":23}},{"start":{"line":31,"column":27},"end":{"line":31,"column":36}}],"line":31},"2":{"loc":{"start":{"line":36,"column":22},"end":{"line":36,"column":71}},"type":"binary-expr","locations":[{"start":{"line":36,"column":22},"end":{"line":36,"column":65}},{"start":{"line":36,"column":69},"end":{"line":36,"column":71}}],"line":36},"3":{"loc":{"start":{"line":39,"column":23},"end":{"line":39,"column":50}},"type":"binary-expr","locations":[{"start":{"line":39,"column":23},"end":{"line":39,"column":44}},{"start":{"line":39,"column":48},"end":{"line":39,"column":50}}],"line":39},"4":{"loc":{"start":{"line":42,"column":2},"end":{"line":44,"column":null}},"type":"if","locations":[{"start":{"line":42,"column":2},"end":{"line":44,"column":null}},{"start":{},"end":{}}],"line":42},"5":{"loc":{"start":{"line":42,"column":6},"end":{"line":42,"column":65}},"type":"binary-expr","locations":[{"start":{"line":42,"column":6},"end":{"line":42,"column":33}},{"start":{"line":42,"column":37},"end":{"line":42,"column":65}}],"line":42},"6":{"loc":{"start":{"line":48,"column":2},"end":{"line":50,"column":null}},"type":"if","locations":[{"start":{"line":48,"column":2},"end":{"line":50,"column":null}},{"start":{},"end":{}}],"line":48}},"s":{"0":9,"1":9,"2":0,"3":9,"4":9,"5":9,"6":0,"7":9,"8":9,"9":0,"10":9,"11":9,"12":37,"13":9,"14":9},"f":{"0":9,"1":37},"b":{"0":[0,9],"1":[9,9],"2":[9,0],"3":[9,0],"4":[0,9],"5":[9,9],"6":[0,9]},"meta":{"lastBranch":7,"lastFunction":2,"lastStatement":15,"seen":{"f:27:16:27:40":0,"s:29:26:29:81":0,"b:31:2:33:Infinity:undefined:undefined:undefined:undefined":0,"s:31:2:33:Infinity":1,"b:31:6:31:23:31:27:31:36":1,"s:32:4:32:Infinity":2,"s:36:22:36:71":3,"b:36:22:36:65:36:69:36:71":2,"s:39:23:39:50":4,"b:39:23:39:44:39:48:39:50":3,"b:42:2:44:Infinity:undefined:undefined:undefined:undefined":4,"s:42:2:44:Infinity":5,"b:42:6:42:33:42:37:42:65":5,"s:43:4:43:Infinity":6,"s:46:24:46:43":7,"b:48:2:50:Infinity:undefined:undefined:undefined:undefined":6,"s:48:2:50:Infinity":8,"s:49:4:49:Infinity":9,"s:53:24:53:44":10,"s:56:22:56:79":11,"f:56:42:56:45":1,"s:56:49:56:71":12,"s:59:21:59:36":13,"s:61:2:65:Infinity":14}}}
,"C:\\Users\\Split Lease\\Documents\\Split Lease - Team\\app\\src\\logic\\rules\\matching\\isBoroughAdjacent.js": {"path":"C:\\Users\\Split Lease\\Documents\\Split Lease - Team\\app\\src\\logic\\rules\\matching\\isBoroughAdjacent.js","statementMap":{"0":{"start":{"line":24,"column":2},"end":{"line":26,"column":null}},"1":{"start":{"line":25,"column":4},"end":{"line":25,"column":null}},"2":{"start":{"line":28,"column":2},"end":{"line":30,"column":null}},"3":{"start":{"line":29,"column":4},"end":{"line":29,"column":null}},"4":{"start":{"line":32,"column":29},"end":{"line":32,"column":58}},"5":{"start":{"line":33,"column":29},"end":{"line":33,"column":58}},"6":{"start":{"line":36,"column":29},"end":{"line":36,"column":70}},"7":{"start":{"line":38,"column":2},"end":{"line":40,"column":null}},"8":{"start":{"line":39,"column":4},"end":{"line":39,"column":null}},"9":{"start":{"line":42,"column":2},"end":{"line":42,"column":null}}},"fnMap":{"0":{"name":"isBoroughAdjacent","decl":{"start":{"line":23,"column":16},"end":{"line":23,"column":33}},"loc":{"start":{"line":23,"column":58},"end":{"line":43,"column":null}},"line":23}},"branchMap":{"0":{"loc":{"start":{"line":24,"column":2},"end":{"line":26,"column":null}},"type":"if","locations":[{"start":{"line":24,"column":2},"end":{"line":26,"column":null}},{"start":{},"end":{}}],"line":24},"1":{"loc":{"start":{"line":24,"column":6},"end":{"line":24,"column":28}},"type":"binary-expr","locations":[{"start":{"line":24,"column":6},"end":{"line":24,"column":15}},{"start":{"line":24,"column":19},"end":{"line":24,"column":28}}],"line":24},"2":{"loc":{"start":{"line":28,"column":2},"end":{"line":30,"column":null}},"type":"if","locations":[{"start":{"line":28,"column":2},"end":{"line":30,"column":null}},{"start":{},"end":{}}],"line":28},"3":{"loc":{"start":{"line":28,"column":6},"end":{"line":28,"column":66}},"type":"binary-expr","locations":[{"start":{"line":28,"column":6},"end":{"line":28,"column":34}},{"start":{"line":28,"column":38},"end":{"line":28,"column":66}}],"line":28},"4":{"loc":{"start":{"line":38,"column":2},"end":{"line":40,"column":null}},"type":"if","locations":[{"start":{"line":38,"column":2},"end":{"line":40,"column":null}},{"start":{},"end":{}}],"line":38}},"s":{"0":11,"1":1,"2":10,"3":0,"4":10,"5":10,"6":10,"7":10,"8":0,"9":10},"f":{"0":11},"b":{"0":[1,10],"1":[11,10],"2":[0,10],"3":[10,10],"4":[0,10]},"meta":{"lastBranch":5,"lastFunction":1,"lastStatement":10,"seen":{"f:23:16:23:33":0,"b:24:2:26:Infinity:undefined:undefined:undefined:undefined":0,"s:24:2:26:Infinity":0,"b:24:6:24:15:24:19:24:28":1,"s:25:4:25:Infinity":1,"b:28:2:30:Infinity:undefined:undefined:undefined:undefined":2,"s:28:2:30:Infinity":2,"b:28:6:28:34:28:38:28:66":3,"s:29:4:29:Infinity":3,"s:32:29:32:58":4,"s:33:29:33:58":5,"s:36:29:36:70":6,"b:38:2:40:Infinity:undefined:undefined:undefined:undefined":4,"s:38:2:40:Infinity":7,"s:39:4:39:Infinity":8,"s:42:2:42:Infinity":9}}}
,"C:\\Users\\Split Lease\\Documents\\Split Lease - Team\\app\\src\\logic\\rules\\matching\\isBoroughMatch.js": {"path":"C:\\Users\\Split Lease\\Documents\\Split Lease - Team\\app\\src\\logic\\rules\\matching\\isBoroughMatch.js","statementMap":{"0":{"start":{"line":28,"column":2},"end":{"line":30,"column":null}},"1":{"start":{"line":29,"column":4},"end":{"line":29,"column":null}},"2":{"start":{"line":32,"column":2},"end":{"line":34,"column":null}},"3":{"start":{"line":33,"column":4},"end":{"line":33,"column":null}},"4":{"start":{"line":36,"column":30},"end":{"line":36,"column":67}},"5":{"start":{"line":37,"column":29},"end":{"line":37,"column":65}},"6":{"start":{"line":40,"column":2},"end":{"line":42,"column":null}},"7":{"start":{"line":41,"column":4},"end":{"line":41,"column":null}},"8":{"start":{"line":45,"column":2},"end":{"line":48,"column":null}}},"fnMap":{"0":{"name":"isBoroughMatch","decl":{"start":{"line":27,"column":16},"end":{"line":27,"column":30}},"loc":{"start":{"line":27,"column":70},"end":{"line":49,"column":null}},"line":27}},"branchMap":{"0":{"loc":{"start":{"line":28,"column":2},"end":{"line":30,"column":null}},"type":"if","locations":[{"start":{"line":28,"column":2},"end":{"line":30,"column":null}},{"start":{},"end":{}}],"line":28},"1":{"loc":{"start":{"line":28,"column":6},"end":{"line":28,"column":43}},"type":"binary-expr","locations":[{"start":{"line":28,"column":6},"end":{"line":28,"column":23}},{"start":{"line":28,"column":27},"end":{"line":28,"column":43}}],"line":28},"2":{"loc":{"start":{"line":32,"column":2},"end":{"line":34,"column":null}},"type":"if","locations":[{"start":{"line":32,"column":2},"end":{"line":34,"column":null}},{"start":{},"end":{}}],"line":32},"3":{"loc":{"start":{"line":32,"column":6},"end":{"line":32,"column":81}},"type":"binary-expr","locations":[{"start":{"line":32,"column":6},"end":{"line":32,"column":42}},{"start":{"line":32,"column":46},"end":{"line":32,"column":81}}],"line":32},"4":{"loc":{"start":{"line":40,"column":2},"end":{"line":42,"column":null}},"type":"if","locations":[{"start":{"line":40,"column":2},"end":{"line":42,"column":null}},{"start":{},"end":{}}],"line":40}},"s":{"0":3,"1":0,"2":3,"3":0,"4":3,"5":3,"6":3,"7":1,"8":2},"f":{"0":3},"b":{"0":[0,3],"1":[3,3],"2":[0,3],"3":[3,3],"4":[1,2]},"meta":{"lastBranch":5,"lastFunction":1,"lastStatement":9,"seen":{"f:27:16:27:30":0,"b:28:2:30:Infinity:undefined:undefined:undefined:undefined":0,"s:28:2:30:Infinity":0,"b:28:6:28:23:28:27:28:43":1,"s:29:4:29:Infinity":1,"b:32:2:34:Infinity:undefined:undefined:undefined:undefined":2,"s:32:2:34:Infinity":2,"b:32:6:32:42:32:46:32:81":3,"s:33:4:33:Infinity":3,"s:36:30:36:67":4,"s:37:29:37:65":5,"b:40:2:42:Infinity:undefined:undefined:undefined:undefined":4,"s:40:2:42:Infinity":6,"s:41:4:41:Infinity":7,"s:45:2:48:Infinity":8}}}
,"C:\\Users\\Split Lease\\Documents\\Split Lease - Team\\app\\src\\logic\\rules\\matching\\isDurationMatch.js": {"path":"C:\\Users\\Split Lease\\Documents\\Split Lease - Team\\app\\src\\logic\\rules\\matching\\isDurationMatch.js","statementMap":{"0":{"start":{"line":35,"column":2},"end":{"line":37,"column":null}},"1":{"start":{"line":36,"column":4},"end":{"line":36,"column":null}},"2":{"start":{"line":39,"column":27},"end":{"line":39,"column":52}},"3":{"start":{"line":41,"column":4},"end":{"line":43,"column":5}},"4":{"start":{"line":46,"column":2},"end":{"line":48,"column":null}},"5":{"start":{"line":47,"column":4},"end":{"line":47,"column":null}},"6":{"start":{"line":50,"column":2},"end":{"line":52,"column":null}},"7":{"start":{"line":51,"column":4},"end":{"line":51,"column":16}},"8":{"start":{"line":54,"column":2},"end":{"line":56,"column":null}},"9":{"start":{"line":55,"column":4},"end":{"line":55,"column":null}},"10":{"start":{"line":59,"column":21},"end":{"line":59,"column":64}},"11":{"start":{"line":61,"column":2},"end":{"line":61,"column":null}}},"fnMap":{"0":{"name":"isDurationMatch","decl":{"start":{"line":34,"column":16},"end":{"line":34,"column":31}},"loc":{"start":{"line":34,"column":70},"end":{"line":62,"column":null}},"line":34}},"branchMap":{"0":{"loc":{"start":{"line":34,"column":53},"end":{"line":34,"column":66}},"type":"default-arg","locations":[{"start":{"line":34,"column":65},"end":{"line":34,"column":66}}],"line":34},"1":{"loc":{"start":{"line":35,"column":2},"end":{"line":37,"column":null}},"type":"if","locations":[{"start":{"line":35,"column":2},"end":{"line":37,"column":null}},{"start":{},"end":{}}],"line":35},"2":{"loc":{"start":{"line":35,"column":6},"end":{"line":35,"column":27}},"type":"binary-expr","locations":[{"start":{"line":35,"column":6},"end":{"line":35,"column":14}},{"start":{"line":35,"column":18},"end":{"line":35,"column":27}}],"line":35},"3":{"loc":{"start":{"line":41,"column":4},"end":{"line":43,"column":5}},"type":"binary-expr","locations":[{"start":{"line":41,"column":4},"end":{"line":41,"column":26}},{"start":{"line":42,"column":4},"end":{"line":42,"column":33}},{"start":{"line":43,"column":4},"end":{"line":43,"column":5}}],"line":41},"4":{"loc":{"start":{"line":46,"column":2},"end":{"line":48,"column":null}},"type":"if","locations":[{"start":{"line":46,"column":2},"end":{"line":48,"column":null}},{"start":{},"end":{}}],"line":46},"5":{"loc":{"start":{"line":46,"column":6},"end":{"line":46,"column":65}},"type":"binary-expr","locations":[{"start":{"line":46,"column":6},"end":{"line":46,"column":31}},{"start":{"line":46,"column":35},"end":{"line":46,"column":65}}],"line":46},"6":{"loc":{"start":{"line":50,"column":2},"end":{"line":52,"column":null}},"type":"if","locations":[{"start":{"line":50,"column":2},"end":{"line":52,"column":null}},{"start":{},"end":{}}],"line":50},"7":{"loc":{"start":{"line":54,"column":2},"end":{"line":56,"column":null}},"type":"if","locations":[{"start":{"line":54,"column":2},"end":{"line":56,"column":null}},{"start":{},"end":{}}],"line":54}},"s":{"0":8,"1":0,"2":8,"3":8,"4":8,"5":0,"6":8,"7":0,"8":8,"9":0,"10":8,"11":8},"f":{"0":8},"b":{"0":[8],"1":[0,8],"2":[8,8],"3":[8,0,0],"4":[0,8],"5":[8,8],"6":[0,8],"7":[0,8]},"meta":{"lastBranch":8,"lastFunction":1,"lastStatement":12,"seen":{"f:34:16:34:31":0,"b:34:65:34:66":0,"b:35:2:37:Infinity:undefined:undefined:undefined:undefined":1,"s:35:2:37:Infinity":0,"b:35:6:35:14:35:18:35:27":2,"s:36:4:36:Infinity":1,"s:39:27:39:52":2,"s:41:4:43:5":3,"b:41:4:41:26:42:4:42:33:43:4:43:5":3,"b:46:2:48:Infinity:undefined:undefined:undefined:undefined":4,"s:46:2:48:Infinity":4,"b:46:6:46:31:46:35:46:65":5,"s:47:4:47:Infinity":5,"b:50:2:52:Infinity:undefined:undefined:undefined:undefined":6,"s:50:2:52:Infinity":6,"s:51:4:51:16":7,"b:54:2:56:Infinity:undefined:undefined:undefined:undefined":7,"s:54:2:56:Infinity":8,"s:55:4:55:Infinity":9,"s:59:21:59:64":10,"s:61:2:61:Infinity":11}}}
,"C:\\Users\\Split Lease\\Documents\\Split Lease - Team\\app\\src\\logic\\rules\\matching\\isVerifiedHost.js": {"path":"C:\\Users\\Split Lease\\Documents\\Split Lease - Team\\app\\src\\logic\\rules\\matching\\isVerifiedHost.js","statementMap":{"0":{"start":{"line":36,"column":2},"end":{"line":38,"column":null}},"1":{"start":{"line":37,"column":4},"end":{"line":37,"column":null}},"2":{"start":{"line":41,"column":24},"end":{"line":45,"column":3}},"3":{"start":{"line":47,"column":28},"end":{"line":47,"column":64}},"4":{"start":{"line":49,"column":2},"end":{"line":49,"column":null}},"5":{"start":{"line":70,"column":2},"end":{"line":72,"column":null}},"6":{"start":{"line":71,"column":4},"end":{"line":71,"column":null}},"7":{"start":{"line":74,"column":24},"end":{"line":78,"column":3}},"8":{"start":{"line":80,"column":2},"end":{"line":80,"column":null}}},"fnMap":{"0":{"name":"isVerifiedHost","decl":{"start":{"line":35,"column":16},"end":{"line":35,"column":30}},"loc":{"start":{"line":35,"column":84},"end":{"line":50,"column":null}},"line":35},"1":{"name":"countHostVerifications","decl":{"start":{"line":69,"column":16},"end":{"line":69,"column":38}},"loc":{"start":{"line":69,"column":49},"end":{"line":81,"column":null}},"line":69}},"branchMap":{"0":{"loc":{"start":{"line":35,"column":39},"end":{"line":35,"column":80}},"type":"default-arg","locations":[{"start":{"line":35,"column":58},"end":{"line":35,"column":80}}],"line":35},"1":{"loc":{"start":{"line":36,"column":2},"end":{"line":38,"column":null}},"type":"if","locations":[{"start":{"line":36,"column":2},"end":{"line":38,"column":null}},{"start":{},"end":{}}],"line":36},"2":{"loc":{"start":{"line":42,"column":4},"end":{"line":42,"column":67}},"type":"binary-expr","locations":[{"start":{"line":42,"column":4},"end":{"line":42,"column":33}},{"start":{"line":42,"column":37},"end":{"line":42,"column":58}},{"start":{"line":42,"column":62},"end":{"line":42,"column":67}}],"line":42},"3":{"loc":{"start":{"line":43,"column":4},"end":{"line":43,"column":57}},"type":"binary-expr","locations":[{"start":{"line":43,"column":4},"end":{"line":43,"column":26}},{"start":{"line":43,"column":30},"end":{"line":43,"column":48}},{"start":{"line":43,"column":52},"end":{"line":43,"column":57}}],"line":43},"4":{"loc":{"start":{"line":44,"column":4},"end":{"line":44,"column":null}},"type":"binary-expr","locations":[{"start":{"line":44,"column":4},"end":{"line":44,"column":26}},{"start":{"line":44,"column":30},"end":{"line":44,"column":47}},{"start":{"line":44,"column":51},"end":{"line":44,"column":null}}],"line":44},"5":{"loc":{"start":{"line":70,"column":2},"end":{"line":72,"column":null}},"type":"if","locations":[{"start":{"line":70,"column":2},"end":{"line":72,"column":null}},{"start":{},"end":{}}],"line":70},"6":{"loc":{"start":{"line":75,"column":4},"end":{"line":75,"column":67}},"type":"binary-expr","locations":[{"start":{"line":75,"column":4},"end":{"line":75,"column":33}},{"start":{"line":75,"column":37},"end":{"line":75,"column":58}},{"start":{"line":75,"column":62},"end":{"line":75,"column":67}}],"line":75},"7":{"loc":{"start":{"line":76,"column":4},"end":{"line":76,"column":57}},"type":"binary-expr","locations":[{"start":{"line":76,"column":4},"end":{"line":76,"column":26}},{"start":{"line":76,"column":30},"end":{"line":76,"column":48}},{"start":{"line":76,"column":52},"end":{"line":76,"column":57}}],"line":76},"8":{"loc":{"start":{"line":77,"column":4},"end":{"line":77,"column":null}},"type":"binary-expr","locations":[{"start":{"line":77,"column":4},"end":{"line":77,"column":26}},{"start":{"line":77,"column":30},"end":{"line":77,"column":47}},{"start":{"line":77,"column":51},"end":{"line":77,"column":null}}],"line":77}},"s":{"0":2,"1":0,"2":2,"3":2,"4":2,"5":10,"6":0,"7":10,"8":10},"f":{"0":2,"1":10},"b":{"0":[2],"1":[0,2],"2":[2,0,0],"3":[2,1,1],"4":[2,2,2],"5":[0,10],"6":[10,3,3],"7":[10,6,6],"8":[10,6,6]},"meta":{"lastBranch":9,"lastFunction":2,"lastStatement":9,"seen":{"f:35:16:35:30":0,"b:35:58:35:80":0,"b:36:2:38:Infinity:undefined:undefined:undefined:undefined":1,"s:36:2:38:Infinity":0,"s:37:4:37:Infinity":1,"s:41:24:45:3":2,"b:42:4:42:33:42:37:42:58:42:62:42:67":2,"b:43:4:43:26:43:30:43:48:43:52:43:57":3,"b:44:4:44:26:44:30:44:47:44:51:44:Infinity":4,"s:47:28:47:64":3,"s:49:2:49:Infinity":4,"f:69:16:69:38":1,"b:70:2:72:Infinity:undefined:undefined:undefined:undefined":5,"s:70:2:72:Infinity":5,"s:71:4:71:Infinity":6,"s:74:24:78:3":7,"b:75:4:75:33:75:37:75:58:75:62:75:67":6,"b:76:4:76:26:76:30:76:48:76:52:76:57":7,"b:77:4:77:26:77:30:77:47:77:51:77:Infinity":8,"s:80:2:80:Infinity":8}}}
,"C:\\Users\\Split Lease\\Documents\\Split Lease - Team\\app\\src\\logic\\rules\\matching\\supportsWeeklyStays.js": {"path":"C:\\Users\\Split Lease\\Documents\\Split Lease - Team\\app\\src\\logic\\rules\\matching\\supportsWeeklyStays.js","statementMap":{"0":{"start":{"line":31,"column":2},"end":{"line":33,"column":null}},"1":{"start":{"line":32,"column":4},"end":{"line":32,"column":null}},"2":{"start":{"line":35,"column":24},"end":{"line":35,"column":49}},"3":{"start":{"line":36,"column":24},"end":{"line":36,"column":58}},"4":{"start":{"line":41,"column":4},"end":{"line":43,"column":22}},"5":{"start":{"line":45,"column":2},"end":{"line":47,"column":null}},"6":{"start":{"line":46,"column":4},"end":{"line":46,"column":null}},"7":{"start":{"line":50,"column":2},"end":{"line":52,"column":null}},"8":{"start":{"line":51,"column":4},"end":{"line":51,"column":null}},"9":{"start":{"line":54,"column":22},"end":{"line":54,"column":48}},"10":{"start":{"line":56,"column":2},"end":{"line":56,"column":null}}},"fnMap":{"0":{"name":"supportsWeeklyStays","decl":{"start":{"line":30,"column":16},"end":{"line":30,"column":35}},"loc":{"start":{"line":30,"column":49},"end":{"line":57,"column":null}},"line":30}},"branchMap":{"0":{"loc":{"start":{"line":31,"column":2},"end":{"line":33,"column":null}},"type":"if","locations":[{"start":{"line":31,"column":2},"end":{"line":33,"column":null}},{"start":{},"end":{}}],"line":31},"1":{"loc":{"start":{"line":41,"column":4},"end":{"line":43,"column":22}},"type":"binary-expr","locations":[{"start":{"line":41,"column":4},"end":{"line":41,"column":26}},{"start":{"line":42,"column":4},"end":{"line":42,"column":31}},{"start":{"line":43,"column":4},"end":{"line":43,"column":22}}],"line":41},"2":{"loc":{"start":{"line":45,"column":2},"end":{"line":47,"column":null}},"type":"if","locations":[{"start":{"line":45,"column":2},"end":{"line":47,"column":null}},{"start":{},"end":{}}],"line":45},"3":{"loc":{"start":{"line":50,"column":2},"end":{"line":52,"column":null}},"type":"if","locations":[{"start":{"line":50,"column":2},"end":{"line":52,"column":null}},{"start":{},"end":{}}],"line":50}},"s":{"0":8,"1":0,"2":8,"3":8,"4":8,"5":8,"6":1,"7":7,"8":0,"9":7,"10":7},"f":{"0":8},"b":{"0":[0,8],"1":[8,8,8],"2":[1,7],"3":[0,7]},"meta":{"lastBranch":4,"lastFunction":1,"lastStatement":11,"seen":{"f:30:16:30:35":0,"b:31:2:33:Infinity:undefined:undefined:undefined:undefined":0,"s:31:2:33:Infinity":0,"s:32:4:32:Infinity":1,"s:35:24:35:49":2,"s:36:24:36:58":3,"s:41:4:43:22":4,"b:41:4:41:26:42:4:42:31:43:4:43:22":1,"b:45:2:47:Infinity:undefined:undefined:undefined:undefined":2,"s:45:2:47:Infinity":5,"s:46:4:46:Infinity":6,"b:50:2:52:Infinity:undefined:undefined:undefined:undefined":3,"s:50:2:52:Infinity":7,"s:51:4:51:Infinity":8,"s:54:22:54:48":9,"s:56:2:56:Infinity":10}}}
}
