{"total": {"lines":{"total":165,"covered":133,"skipped":0,"pct":80.6},"statements":{"total":167,"covered":135,"skipped":0,"pct":80.83},"functions":{"total":18,"covered":18,"skipped":0,"pct":100},"branches":{"total":186,"covered":142,"skipped":0,"pct":76.34},"branchesTrue":{"total":0,"covered":0,"skipped":0,"pct":100}}
,"C:\\Users\\Split Lease\\Documents\\Split Lease - Team\\app\\src\\logic\\calculators\\matching\\calculateBoroughScore.js": {"lines":{"total":13,"covered":12,"skipped":0,"pct":92.3},"functions":{"total":1,"covered":1,"skipped":0,"pct":100},"statements":{"total":13,"covered":12,"skipped":0,"pct":92.3},"branches":{"total":19,"covered":13,"skipped":0,"pct":68.42}}
,"C:\\Users\\Split Lease\\Documents\\Split Lease - Team\\app\\src\\logic\\calculators\\matching\\calculateDurationScore.js": {"lines":{"total":4,"covered":4,"skipped":0,"pct":100},"functions":{"total":1,"covered":1,"skipped":0,"pct":100},"statements":{"total":4,"covered":4,"skipped":0,"pct":100},"branches":{"total":6,"covered":6,"skipped":0,"pct":100}}
,"C:\\Users\\Split Lease\\Documents\\Split Lease - Team\\app\\src\\logic\\calculators\\matching\\calculateHostScore.js": {"lines":{"total":8,"covered":8,"skipped":0,"pct":100},"functions":{"total":1,"covered":1,"skipped":0,"pct":100},"statements":{"total":8,"covered":8,"skipped":0,"pct":100},"branches":{"total":6,"covered":6,"skipped":0,"pct":100}}
,"C:\\Users\\Split Lease\\Documents\\Split Lease - Team\\app\\src\\logic\\calculators\\matching\\calculateMatchScore.js": {"lines":{"total":3,"covered":3,"skipped":0,"pct":100},"functions":{"total":2,"covered":2,"skipped":0,"pct":100},"statements":{"total":4,"covered":4,"skipped":0,"pct":100},"branches":{"total":0,"covered":0,"skipped":0,"pct":100}}
,"C:\\Users\\Split Lease\\Documents\\Split Lease - Team\\app\\src\\logic\\calculators\\matching\\calculatePriceProximity.js": {"lines":{"total":11,"covered":8,"skipped":0,"pct":72.72},"functions":{"total":1,"covered":1,"skipped":0,"pct":100},"statements":{"total":11,"covered":8,"skipped":0,"pct":72.72},"branches":{"total":12,"covered":9,"skipped":0,"pct":75}}
,"C:\\Users\\Split Lease\\Documents\\Split Lease - Team\\app\\src\\logic\\calculators\\matching\\calculatePriceScore.js": {"lines":{"total":23,"covered":19,"skipped":0,"pct":82.6},"functions":{"total":1,"covered":1,"skipped":0,"pct":100},"statements":{"total":23,"covered":19,"skipped":0,"pct":82.6},"branches":{"total":23,"covered":19,"skipped":0,"pct":82.6}}
,"C:\\Users\\Split Lease\\Documents\\Split Lease - Team\\app\\src\\logic\\calculators\\matching\\calculateScheduleOverlapScore.js": {"lines":{"total":8,"covered":8,"skipped":0,"pct":100},"functions":{"total":1,"covered":1,"skipped":0,"pct":100},"statements":{"total":8,"covered":8,"skipped":0,"pct":100},"branches":{"total":8,"covered":8,"skipped":0,"pct":100}}
,"C:\\Users\\Split Lease\\Documents\\Split Lease - Team\\app\\src\\logic\\calculators\\matching\\calculateWeeklyStayScore.js": {"lines":{"total":4,"covered":4,"skipped":0,"pct":100},"functions":{"total":1,"covered":1,"skipped":0,"pct":100},"statements":{"total":4,"covered":4,"skipped":0,"pct":100},"branches":{"total":4,"covered":4,"skipped":0,"pct":100}}
,"C:\\Users\\Split Lease\\Documents\\Split Lease - Team\\app\\src\\logic\\calculators\\matching\\constants.js": {"lines":{"total":7,"covered":7,"skipped":0,"pct":100},"functions":{"total":0,"covered":0,"skipped":0,"pct":100},"statements":{"total":7,"covered":7,"skipped":0,"pct":100},"branches":{"total":0,"covered":0,"skipped":0,"pct":100}}
,"C:\\Users\\Split Lease\\Documents\\Split Lease - Team\\app\\src\\logic\\calculators\\pricing\\getNightlyRateByFrequency.js": {"lines":{"total":19,"covered":10,"skipped":0,"pct":52.63},"functions":{"total":1,"covered":1,"skipped":0,"pct":100},"statements":{"total":19,"covered":10,"skipped":0,"pct":52.63},"branches":{"total":26,"covered":16,"skipped":0,"pct":61.53}}
,"C:\\Users\\Split Lease\\Documents\\Split Lease - Team\\app\\src\\logic\\rules\\matching\\hasScheduleCompatibility.js": {"lines":{"total":14,"covered":11,"skipped":0,"pct":78.57},"functions":{"total":2,"covered":2,"skipped":0,"pct":100},"statements":{"total":15,"covered":12,"skipped":0,"pct":80},"branches":{"total":14,"covered":9,"skipped":0,"pct":64.28}}
,"C:\\Users\\Split Lease\\Documents\\Split Lease - Team\\app\\src\\logic\\rules\\matching\\isBoroughAdjacent.js": {"lines":{"total":10,"covered":8,"skipped":0,"pct":80},"functions":{"total":1,"covered":1,"skipped":0,"pct":100},"statements":{"total":10,"covered":8,"skipped":0,"pct":80},"branches":{"total":10,"covered":8,"skipped":0,"pct":80}}
,"C:\\Users\\Split Lease\\Documents\\Split Lease - Team\\app\\src\\logic\\rules\\matching\\isBoroughMatch.js": {"lines":{"total":9,"covered":7,"skipped":0,"pct":77.77},"functions":{"total":1,"covered":1,"skipped":0,"pct":100},"statements":{"total":9,"covered":7,"skipped":0,"pct":77.77},"branches":{"total":10,"covered":8,"skipped":0,"pct":80}}
,"C:\\Users\\Split Lease\\Documents\\Split Lease - Team\\app\\src\\logic\\rules\\matching\\isDurationMatch.js": {"lines":{"total":12,"covered":8,"skipped":0,"pct":66.66},"functions":{"total":1,"covered":1,"skipped":0,"pct":100},"statements":{"total":12,"covered":8,"skipped":0,"pct":66.66},"branches":{"total":16,"covered":10,"skipped":0,"pct":62.5}}
,"C:\\Users\\Split Lease\\Documents\\Split Lease - Team\\app\\src\\logic\\rules\\matching\\isVerifiedHost.js": {"lines":{"total":9,"covered":7,"skipped":0,"pct":77.77},"functions":{"total":2,"covered":2,"skipped":0,"pct":100},"statements":{"total":9,"covered":7,"skipped":0,"pct":77.77},"branches":{"total":23,"covered":19,"skipped":0,"pct":82.6}}
,"C:\\Users\\Split Lease\\Documents\\Split Lease - Team\\app\\src\\logic\\rules\\matching\\supportsWeeklyStays.js": {"lines":{"total":11,"covered":9,"skipped":0,"pct":81.81},"functions":{"total":1,"covered":1,"skipped":0,"pct":100},"statements":{"total":11,"covered":9,"skipped":0,"pct":81.81},"branches":{"total":9,"covered":7,"skipped":0,"pct":77.77}}
}
